[0.029s] Invoking command in '/home/bingflame/RoArm-M1/build/astra_camera': CMAKE_PREFIX_PATH=/home/bingflame/RoArm-M1/install/astra_camera_msgs:/home/bingflame/RoArm-M1/install/roarm:/home/bingflame/RoArm-M1/install/astra_camera:/home/bingflame/RoArm-M1/install/serial_ctrl:/opt/ros/humble CONDA_PROMPT_MODIFIER=(base) LD_LIBRARY_PATH=/home/bingflame/RoArm-M1/install/astra_camera_msgs/lib:/home/bingflame/RoArm-M1/install/astra_camera/lib:/opt/ros/humble/opt/rviz_ogre_vendor/lib:/opt/ros/humble/lib/aarch64-linux-gnu:/opt/ros/humble/lib:/usr/local/cuda-12.6/lib64:/home/bingflame/xiugaihou/JetsonGPIO/build/ PYTHONPATH=/home/bingflame/RoArm-M1/install/astra_camera_msgs/lib/python3.10/site-packages:/home/bingflame/RoArm-M1/install/serial_ctrl/lib/python3.10/site-packages:/opt/ros/humble/lib/python3.10/site-packages:/opt/ros/humble/local/lib/python3.10/dist-packages /usr/bin/cmake --build /home/bingflame/RoArm-M1/build/astra_camera -- -j6 -l6
[0.134s] [35m[1mConsolidate compiler generated dependencies of target point_cloud_subscriber[0m
[0.181s] [  5%] [32mBuilding CXX object CMakeFiles/point_cloud_subscriber.dir/src/point_cloud_subscriber.cpp.o[0m
[0.230s] [ 83%] Built target astra_camera
[0.281s] [ 94%] Built target list_devices_node
[6.205s] [01m[K/home/bingflame/RoArm-M1/src/astra_camera/src/point_cloud_subscriber.cpp:[m[K In constructor â€˜[01m[KDepthSubscriber::DepthSubscriber()[m[Kâ€™:
[6.206s] [01m[K/home/bingflame/RoArm-M1/src/astra_camera/src/point_cloud_subscriber.cpp:108:14:[m[K [01;31m[Kerror: [m[Kreturning a value from a constructor
[6.206s]   108 |       return [01;31m[K-1[m[K;
[6.206s]       |              [01;31m[K^~[m[K
[6.206s] [01m[K/home/bingflame/RoArm-M1/src/astra_camera/src/point_cloud_subscriber.cpp:119:14:[m[K [01;31m[Kerror: [m[Kreturning a value from a constructor
[6.206s]   119 |       return [01;31m[K-1[m[K;
[6.206s]       |              [01;31m[K^~[m[K
[6.207s] [01m[K/home/bingflame/RoArm-M1/src/astra_camera/src/point_cloud_subscriber.cpp:145:14:[m[K [01;31m[Kerror: [m[Kreturning a value from a constructor
[6.207s]   145 |       return [01;31m[K-1[m[K;
[6.207s]       |              [01;31m[K^~[m[K
[6.210s] [01m[K/home/bingflame/RoArm-M1/src/astra_camera/src/point_cloud_subscriber.cpp:151:10:[m[K [01;35m[Kwarning: [m[Kunused variable â€˜[01m[Kbuffer[m[Kâ€™ [[01;35m[K]8;;https://gcc.gnu.org/onlinedocs/gcc/Warning-Options.html#index-Wunused-variable-Wunused-variable]8;;[m[K]
[6.210s]   151 |     char [01;35m[Kbuffer[m[K[256];
[6.210s]       |          [01;35m[K^~~~~~[m[K
[6.235s] [01m[K/home/bingflame/RoArm-M1/src/astra_camera/src/point_cloud_subscriber.cpp:[m[K In member function â€˜[01m[Kvoid DepthSubscriber::listener_callback(sensor_msgs::msg::PointCloud2_<std::allocator<void> >::SharedPtr)[m[Kâ€™:
[6.235s] [01m[K/home/bingflame/RoArm-M1/src/astra_camera/src/point_cloud_subscriber.cpp:180:12:[m[K [01;31m[Kerror: [m[Kâ€˜[01m[Kbuffer[m[Kâ€™ was not declared in this scope; did you mean â€˜[01m[Ksetbuffer[m[Kâ€™?
[6.235s]   180 |     memset([01;31m[Kbuffer[m[K, 0, sizeof(buffer));
[6.235s]       |            [01;31m[K^~~~~~[m[K
[6.235s]       |            [32m[Ksetbuffer[m[K
[6.251s] [01m[K/home/bingflame/RoArm-M1/src/astra_camera/src/point_cloud_subscriber.cpp:181:18:[m[K [01;31m[Kerror: [m[Kâ€˜[01m[Kserial_fd[m[Kâ€™ was not declared in this scope
[6.251s]   181 |     int n = read([01;31m[Kserial_fd[m[K, buffer, sizeof(buffer) - 1);
[6.252s]       |                  [01;31m[K^~~~~~~~~[m[K
[11.869s] gmake[2]: *** [CMakeFiles/point_cloud_subscriber.dir/build.make:76: CMakeFiles/point_cloud_subscriber.dir/src/point_cloud_subscriber.cpp.o] Error 1
[11.870s] gmake[1]: *** [CMakeFiles/Makefile2:193: CMakeFiles/point_cloud_subscriber.dir/all] Error 2
[11.870s] gmake: *** [Makefile:146: all] Error 2
[11.876s] Invoked command in '/home/bingflame/RoArm-M1/build/astra_camera' returned '2': CMAKE_PREFIX_PATH=/home/bingflame/RoArm-M1/install/astra_camera_msgs:/home/bingflame/RoArm-M1/install/roarm:/home/bingflame/RoArm-M1/install/astra_camera:/home/bingflame/RoArm-M1/install/serial_ctrl:/opt/ros/humble CONDA_PROMPT_MODIFIER=(base) LD_LIBRARY_PATH=/home/bingflame/RoArm-M1/install/astra_camera_msgs/lib:/home/bingflame/RoArm-M1/install/astra_camera/lib:/opt/ros/humble/opt/rviz_ogre_vendor/lib:/opt/ros/humble/lib/aarch64-linux-gnu:/opt/ros/humble/lib:/usr/local/cuda-12.6/lib64:/home/bingflame/xiugaihou/JetsonGPIO/build/ PYTHONPATH=/home/bingflame/RoArm-M1/install/astra_camera_msgs/lib/python3.10/site-packages:/home/bingflame/RoArm-M1/install/serial_ctrl/lib/python3.10/site-packages:/opt/ros/humble/lib/python3.10/site-packages:/opt/ros/humble/local/lib/python3.10/dist-packages /usr/bin/cmake --build /home/bingflame/RoArm-M1/build/astra_camera -- -j6 -l6
