[0.019s] Invoking command in '/home/bingflame/RoArm-M1/build/astra_camera': CMAKE_PREFIX_PATH=/home/bingflame/RoArm-M1/install/astra_camera_msgs:/home/bingflame/RoArm-M1/install/roarm:/home/bingflame/RoArm-M1/install/astra_camera:/home/bingflame/RoArm-M1/install/serial_reader:/home/bingflame/RoArm-M1/install/serial_ctrl:/opt/ros/humble CONDA_PROMPT_MODIFIER=(base) LD_LIBRARY_PATH=/home/bingflame/RoArm-M1/install/astra_camera_msgs/lib:/home/bingflame/RoArm-M1/install/astra_camera/lib:/opt/ros/humble/opt/rviz_ogre_vendor/lib:/opt/ros/humble/lib/aarch64-linux-gnu:/opt/ros/humble/lib:/usr/local/cuda-12.6/lib64:/home/bingflame/xiugaihou/JetsonGPIO/build/ PYTHONPATH=/home/bingflame/RoArm-M1/install/astra_camera_msgs/lib/python3.10/site-packages:/home/bingflame/RoArm-M1/install/serial_reader/lib/python3.10/site-packages:/home/bingflame/RoArm-M1/install/serial_ctrl/lib/python3.10/site-packages:/opt/ros/humble/lib/python3.10/site-packages:/opt/ros/humble/local/lib/python3.10/dist-packages /usr/bin/cmake --build /home/bingflame/RoArm-M1/build/astra_camera -- -j6 -l6
[0.110s] [35m[1mConsolidate compiler generated dependencies of target point_cloud_subscriber[0m
[0.151s] [  5%] [32mBuilding CXX object CMakeFiles/point_cloud_subscriber.dir/src/point_cloud_subscriber.cpp.o[0m
[0.180s] [ 83%] Built target astra_camera
[0.241s] [ 94%] Built target list_devices_node
[6.026s] [01m[K/home/bingflame/RoArm-M1/src/astra_camera/src/point_cloud_subscriber.cpp:[m[K In member function â€˜[01m[Kvoid DepthSubscriber::serial_callback(std_msgs::msg::String_<std::allocator<void> >::SharedPtr)[m[Kâ€™:
[6.026s] [01m[K/home/bingflame/RoArm-M1/src/astra_camera/src/point_cloud_subscriber.cpp:110:30:[m[K [01;31m[Kerror: [m[Kâ€˜[01m[Kconst SharedPtr[m[Kâ€™ {aka â€˜[01m[Kconst class std::shared_ptr<std_msgs::msg::String_<std::allocator<void> > >[m[Kâ€™} has no member named â€˜[01m[Kfind[m[Kâ€™
[6.027s]   110 |     size_t start_index = msg.[01;31m[Kfind[m[K("(");
[6.027s]       |                              [01;31m[K^~~~[m[K
[6.027s] [01m[K/home/bingflame/RoArm-M1/src/astra_camera/src/point_cloud_subscriber.cpp:111:28:[m[K [01;31m[Kerror: [m[Kâ€˜[01m[Kconst SharedPtr[m[Kâ€™ {aka â€˜[01m[Kconst class std::shared_ptr<std_msgs::msg::String_<std::allocator<void> > >[m[Kâ€™} has no member named â€˜[01m[Kfind[m[Kâ€™
[6.027s]   111 |     size_t end_index = msg.[01;31m[Kfind[m[K(")");
[6.027s]       |                            [01;31m[K^~~~[m[K
[6.027s] [01m[K/home/bingflame/RoArm-M1/src/astra_camera/src/point_cloud_subscriber.cpp:112:39:[m[K [01;31m[Kerror: [m[Kâ€˜[01m[Kconst SharedPtr[m[Kâ€™ {aka â€˜[01m[Kconst class std::shared_ptr<std_msgs::msg::String_<std::allocator<void> > >[m[Kâ€™} has no member named â€˜[01m[Ksubstr[m[Kâ€™
[6.028s]   112 |     std::string coordinates_str = msg.[01;31m[Ksubstr[m[K(start_index + 1, end_index - start_index - 1);
[6.028s]       |                                       [01;31m[K^~~~~~[m[K
[6.028s] [01m[K/home/bingflame/RoArm-M1/src/astra_camera/src/point_cloud_subscriber.cpp:124:23:[m[K [01;31m[Kerror: [m[Kâ€˜[01m[Kconst SharedPtr[m[Kâ€™ {aka â€˜[01m[Kconst class std::shared_ptr<std_msgs::msg::String_<std::allocator<void> > >[m[Kâ€™} has no member named â€˜[01m[Kfind[m[Kâ€™
[6.028s]   124 |     start_index = msg.[01;31m[Kfind[m[K(": ") + 2;
[6.028s]       |                       [01;31m[K^~~~[m[K
[6.028s] [01m[K/home/bingflame/RoArm-M1/src/astra_camera/src/point_cloud_subscriber.cpp:125:21:[m[K [01;31m[Kerror: [m[Kâ€˜[01m[Kconst SharedPtr[m[Kâ€™ {aka â€˜[01m[Kconst class std::shared_ptr<std_msgs::msg::String_<std::allocator<void> > >[m[Kâ€™} has no member named â€˜[01m[Kfind[m[Kâ€™
[6.028s]   125 |     end_index = msg.[01;31m[Kfind[m[K(" C");
[6.028s]       |                     [01;31m[K^~~~[m[K
[6.029s] [01m[K/home/bingflame/RoArm-M1/src/astra_camera/src/point_cloud_subscriber.cpp:126:39:[m[K [01;31m[Kerror: [m[Kâ€˜[01m[Kconst SharedPtr[m[Kâ€™ {aka â€˜[01m[Kconst class std::shared_ptr<std_msgs::msg::String_<std::allocator<void> > >[m[Kâ€™} has no member named â€˜[01m[Ksubstr[m[Kâ€™
[6.029s]   126 |     std::string temperature_str = msg.[01;31m[Ksubstr[m[K(start_index, end_index - start_index);
[6.029s]       |                                       [01;31m[K^~~~~~[m[K
[14.853s] gmake[2]: *** [CMakeFiles/point_cloud_subscriber.dir/build.make:76: CMakeFiles/point_cloud_subscriber.dir/src/point_cloud_subscriber.cpp.o] Error 1
[14.854s] gmake[1]: *** [CMakeFiles/Makefile2:193: CMakeFiles/point_cloud_subscriber.dir/all] Error 2
[14.854s] gmake: *** [Makefile:146: all] Error 2
[14.861s] Invoked command in '/home/bingflame/RoArm-M1/build/astra_camera' returned '2': CMAKE_PREFIX_PATH=/home/bingflame/RoArm-M1/install/astra_camera_msgs:/home/bingflame/RoArm-M1/install/roarm:/home/bingflame/RoArm-M1/install/astra_camera:/home/bingflame/RoArm-M1/install/serial_reader:/home/bingflame/RoArm-M1/install/serial_ctrl:/opt/ros/humble CONDA_PROMPT_MODIFIER=(base) LD_LIBRARY_PATH=/home/bingflame/RoArm-M1/install/astra_camera_msgs/lib:/home/bingflame/RoArm-M1/install/astra_camera/lib:/opt/ros/humble/opt/rviz_ogre_vendor/lib:/opt/ros/humble/lib/aarch64-linux-gnu:/opt/ros/humble/lib:/usr/local/cuda-12.6/lib64:/home/bingflame/xiugaihou/JetsonGPIO/build/ PYTHONPATH=/home/bingflame/RoArm-M1/install/astra_camera_msgs/lib/python3.10/site-packages:/home/bingflame/RoArm-M1/install/serial_reader/lib/python3.10/site-packages:/home/bingflame/RoArm-M1/install/serial_ctrl/lib/python3.10/site-packages:/opt/ros/humble/lib/python3.10/site-packages:/opt/ros/humble/local/lib/python3.10/dist-packages /usr/bin/cmake --build /home/bingflame/RoArm-M1/build/astra_camera -- -j6 -l6
