[0.000000] (-) TimerEvent: {}
[0.001222] (astra_camera_msgs) JobQueued: {'identifier': 'astra_camera_msgs', 'dependencies': OrderedDict()}
[0.001358] (roarm) JobQueued: {'identifier': 'roarm', 'dependencies': OrderedDict()}
[0.001553] (serial_ctrl) JobQueued: {'identifier': 'serial_ctrl', 'dependencies': OrderedDict()}
[0.001648] (astra_camera) JobQueued: {'identifier': 'astra_camera', 'dependencies': OrderedDict([('astra_camera_msgs', '/home/bingflame/RoArm-M1/install/astra_camera_msgs')])}
[0.001712] (astra_camera_msgs) JobStarted: {'identifier': 'astra_camera_msgs'}
[0.011891] (roarm) JobStarted: {'identifier': 'roarm'}
[0.018045] (serial_ctrl) JobStarted: {'identifier': 'serial_ctrl'}
[0.030795] (astra_camera_msgs) JobProgress: {'identifier': 'astra_camera_msgs', 'progress': 'cmake'}
[0.032103] (astra_camera_msgs) Command: {'cmd': ['/usr/bin/cmake', '/home/bingflame/RoArm-M1/src/astra_camera_msgs', '-DCMAKE_INSTALL_PREFIX=/home/bingflame/RoArm-M1/install/astra_camera_msgs'], 'cwd': '/home/bingflame/RoArm-M1/build/astra_camera_msgs', 'env': OrderedDict([('LESSOPEN', '| /usr/bin/lesspipe %s'), ('CONDA_PROMPT_MODIFIER', '(ros2)'), ('USER', 'bingflame'), ('SSH_CLIENT', '127.0.0.1 59428 22'), ('XDG_SESSION_TYPE', 'tty'), ('SHLVL', '1'), ('LD_LIBRARY_PATH', '/opt/ros/humble/opt/rviz_ogre_vendor/lib:/opt/ros/humble/lib/aarch64-linux-gnu:/opt/ros/humble/lib:/usr/local/cuda-12.6/lib64::/home/bingflame/xiugaihou/JetsonGPIO/build/'), ('MOTD_SHOWN', 'pam'), ('HOME', '/home/bingflame'), ('CONDA_SHLVL', '2'), ('OLDPWD', '/home/bingflame'), ('SSH_TTY', '/dev/pts/1'), ('ROS_PYTHON_VERSION', '3'), ('DBUS_SESSION_BUS_ADDRESS', 'unix:path=/run/user/1000/bus'), ('_CE_M', ''), ('ROS_DISTRO', 'humble'), ('LOGNAME', 'bingflame'), ('_', '/usr/bin/colcon'), ('ROS_VERSION', '2'), ('XDG_SESSION_CLASS', 'user'), ('TERM', 'xterm'), ('XDG_SESSION_ID', '10'), ('_CE_CONDA', ''), ('ROS_LOCALHOST_ONLY', '0'), ('PATH', '/home/bingflame/.local/bin:/home/bingflame/anaconda3/envs/ros2/bin:/home/bingflame/anaconda3/condabin:/opt/ros/humble/bin:/usr/local/cuda-12.6/bin:/usr/local/sbin:/usr/local/bin:/usr/sbin:/usr/bin:/sbin:/bin:/usr/games:/usr/local/games:/snap/bin:/home/bingflame/anaconda3/bin'), ('XDG_RUNTIME_DIR', '/run/user/1000'), ('DISPLAY', 'localhost:11.0'), ('LANG', 'en_US.UTF-8'), ('CONDA_PREFIX_1', '/home/bingflame/anaconda3'), ('LS_COLORS', 'rs=0:di=01;34:ln=01;36:mh=00:pi=40;33:so=01;35:do=01;35:bd=40;33;01:cd=40;33;01:or=40;31;01:mi=00:su=37;41:sg=30;43:ca=30;41:tw=30;42:ow=34;42:st=37;44:ex=01;32:*.tar=01;31:*.tgz=01;31:*.arc=01;31:*.arj=01;31:*.taz=01;31:*.lha=01;31:*.lz4=01;31:*.lzh=01;31:*.lzma=01;31:*.tlz=01;31:*.txz=01;31:*.tzo=01;31:*.t7z=01;31:*.zip=01;31:*.z=01;31:*.dz=01;31:*.gz=01;31:*.lrz=01;31:*.lz=01;31:*.lzo=01;31:*.xz=01;31:*.zst=01;31:*.tzst=01;31:*.bz2=01;31:*.bz=01;31:*.tbz=01;31:*.tbz2=01;31:*.tz=01;31:*.deb=01;31:*.rpm=01;31:*.jar=01;31:*.war=01;31:*.ear=01;31:*.sar=01;31:*.rar=01;31:*.alz=01;31:*.ace=01;31:*.zoo=01;31:*.cpio=01;31:*.7z=01;31:*.rz=01;31:*.cab=01;31:*.wim=01;31:*.swm=01;31:*.dwm=01;31:*.esd=01;31:*.jpg=01;35:*.jpeg=01;35:*.mjpg=01;35:*.mjpeg=01;35:*.gif=01;35:*.bmp=01;35:*.pbm=01;35:*.pgm=01;35:*.ppm=01;35:*.tga=01;35:*.xbm=01;35:*.xpm=01;35:*.tif=01;35:*.tiff=01;35:*.png=01;35:*.svg=01;35:*.svgz=01;35:*.mng=01;35:*.pcx=01;35:*.mov=01;35:*.mpg=01;35:*.mpeg=01;35:*.m2v=01;35:*.mkv=01;35:*.webm=01;35:*.webp=01;35:*.ogm=01;35:*.mp4=01;35:*.m4v=01;35:*.mp4v=01;35:*.vob=01;35:*.qt=01;35:*.nuv=01;35:*.wmv=01;35:*.asf=01;35:*.rm=01;35:*.rmvb=01;35:*.flc=01;35:*.avi=01;35:*.fli=01;35:*.flv=01;35:*.gl=01;35:*.dl=01;35:*.xcf=01;35:*.xwd=01;35:*.yuv=01;35:*.cgm=01;35:*.emf=01;35:*.ogv=01;35:*.ogx=01;35:*.aac=00;36:*.au=00;36:*.flac=00;36:*.m4a=00;36:*.mid=00;36:*.midi=00;36:*.mka=00;36:*.mp3=00;36:*.mpc=00;36:*.ogg=00;36:*.ra=00;36:*.wav=00;36:*.oga=00;36:*.opus=00;36:*.spx=00;36:*.xspf=00;36:'), ('AMENT_PREFIX_PATH', '/opt/ros/humble'), ('CONDA_PYTHON_EXE', '/home/bingflame/anaconda3/bin/python'), ('SHELL', '/bin/bash'), ('LESSCLOSE', '/usr/bin/lesspipe %s %s'), ('CONDA_DEFAULT_ENV', 'ros2'), ('PWD', '/home/bingflame/RoArm-M1/build/astra_camera_msgs'), ('LC_ALL', 'en_US.UTF-8'), ('CONDA_EXE', '/home/bingflame/anaconda3/bin/conda'), ('SSH_CONNECTION', '127.0.0.1 59428 127.0.0.1 22'), ('XDG_DATA_DIRS', '/usr/share/gnome:/usr/local/share:/usr/share:/var/lib/snapd/desktop'), ('PYTHONPATH', '/opt/ros/humble/lib/python3.10/site-packages:/opt/ros/humble/local/lib/python3.10/dist-packages'), ('CONDA_PREFIX', '/home/bingflame/anaconda3/envs/ros2'), ('COLCON', '1'), ('CMAKE_PREFIX_PATH', '/opt/ros/humble')]), 'shell': False}
[0.037011] (roarm) JobProgress: {'identifier': 'roarm', 'progress': 'cmake'}
[0.038138] (roarm) JobProgress: {'identifier': 'roarm', 'progress': 'build'}
[0.039349] (roarm) Command: {'cmd': ['/usr/bin/cmake', '--build', '/home/bingflame/RoArm-M1/build/roarm', '--', '-j6', '-l6'], 'cwd': '/home/bingflame/RoArm-M1/build/roarm', 'env': OrderedDict([('LESSOPEN', '| /usr/bin/lesspipe %s'), ('CONDA_PROMPT_MODIFIER', '(ros2)'), ('USER', 'bingflame'), ('SSH_CLIENT', '127.0.0.1 59428 22'), ('XDG_SESSION_TYPE', 'tty'), ('SHLVL', '1'), ('LD_LIBRARY_PATH', '/opt/ros/humble/opt/rviz_ogre_vendor/lib:/opt/ros/humble/lib/aarch64-linux-gnu:/opt/ros/humble/lib:/usr/local/cuda-12.6/lib64::/home/bingflame/xiugaihou/JetsonGPIO/build/'), ('MOTD_SHOWN', 'pam'), ('HOME', '/home/bingflame'), ('CONDA_SHLVL', '2'), ('OLDPWD', '/home/bingflame'), ('SSH_TTY', '/dev/pts/1'), ('ROS_PYTHON_VERSION', '3'), ('DBUS_SESSION_BUS_ADDRESS', 'unix:path=/run/user/1000/bus'), ('_CE_M', ''), ('ROS_DISTRO', 'humble'), ('LOGNAME', 'bingflame'), ('_', '/usr/bin/colcon'), ('ROS_VERSION', '2'), ('XDG_SESSION_CLASS', 'user'), ('TERM', 'xterm'), ('XDG_SESSION_ID', '10'), ('_CE_CONDA', ''), ('ROS_LOCALHOST_ONLY', '0'), ('PATH', '/home/bingflame/.local/bin:/home/bingflame/anaconda3/envs/ros2/bin:/home/bingflame/anaconda3/condabin:/opt/ros/humble/bin:/usr/local/cuda-12.6/bin:/usr/local/sbin:/usr/local/bin:/usr/sbin:/usr/bin:/sbin:/bin:/usr/games:/usr/local/games:/snap/bin:/home/bingflame/anaconda3/bin'), ('XDG_RUNTIME_DIR', '/run/user/1000'), ('DISPLAY', 'localhost:11.0'), ('LANG', 'en_US.UTF-8'), ('CONDA_PREFIX_1', '/home/bingflame/anaconda3'), ('LS_COLORS', 'rs=0:di=01;34:ln=01;36:mh=00:pi=40;33:so=01;35:do=01;35:bd=40;33;01:cd=40;33;01:or=40;31;01:mi=00:su=37;41:sg=30;43:ca=30;41:tw=30;42:ow=34;42:st=37;44:ex=01;32:*.tar=01;31:*.tgz=01;31:*.arc=01;31:*.arj=01;31:*.taz=01;31:*.lha=01;31:*.lz4=01;31:*.lzh=01;31:*.lzma=01;31:*.tlz=01;31:*.txz=01;31:*.tzo=01;31:*.t7z=01;31:*.zip=01;31:*.z=01;31:*.dz=01;31:*.gz=01;31:*.lrz=01;31:*.lz=01;31:*.lzo=01;31:*.xz=01;31:*.zst=01;31:*.tzst=01;31:*.bz2=01;31:*.bz=01;31:*.tbz=01;31:*.tbz2=01;31:*.tz=01;31:*.deb=01;31:*.rpm=01;31:*.jar=01;31:*.war=01;31:*.ear=01;31:*.sar=01;31:*.rar=01;31:*.alz=01;31:*.ace=01;31:*.zoo=01;31:*.cpio=01;31:*.7z=01;31:*.rz=01;31:*.cab=01;31:*.wim=01;31:*.swm=01;31:*.dwm=01;31:*.esd=01;31:*.jpg=01;35:*.jpeg=01;35:*.mjpg=01;35:*.mjpeg=01;35:*.gif=01;35:*.bmp=01;35:*.pbm=01;35:*.pgm=01;35:*.ppm=01;35:*.tga=01;35:*.xbm=01;35:*.xpm=01;35:*.tif=01;35:*.tiff=01;35:*.png=01;35:*.svg=01;35:*.svgz=01;35:*.mng=01;35:*.pcx=01;35:*.mov=01;35:*.mpg=01;35:*.mpeg=01;35:*.m2v=01;35:*.mkv=01;35:*.webm=01;35:*.webp=01;35:*.ogm=01;35:*.mp4=01;35:*.m4v=01;35:*.mp4v=01;35:*.vob=01;35:*.qt=01;35:*.nuv=01;35:*.wmv=01;35:*.asf=01;35:*.rm=01;35:*.rmvb=01;35:*.flc=01;35:*.avi=01;35:*.fli=01;35:*.flv=01;35:*.gl=01;35:*.dl=01;35:*.xcf=01;35:*.xwd=01;35:*.yuv=01;35:*.cgm=01;35:*.emf=01;35:*.ogv=01;35:*.ogx=01;35:*.aac=00;36:*.au=00;36:*.flac=00;36:*.m4a=00;36:*.mid=00;36:*.midi=00;36:*.mka=00;36:*.mp3=00;36:*.mpc=00;36:*.ogg=00;36:*.ra=00;36:*.wav=00;36:*.oga=00;36:*.opus=00;36:*.spx=00;36:*.xspf=00;36:'), ('AMENT_PREFIX_PATH', '/opt/ros/humble'), ('CONDA_PYTHON_EXE', '/home/bingflame/anaconda3/bin/python'), ('SHELL', '/bin/bash'), ('LESSCLOSE', '/usr/bin/lesspipe %s %s'), ('CONDA_DEFAULT_ENV', 'ros2'), ('PWD', '/home/bingflame/RoArm-M1/build/roarm'), ('LC_ALL', 'en_US.UTF-8'), ('CONDA_EXE', '/home/bingflame/anaconda3/bin/conda'), ('SSH_CONNECTION', '127.0.0.1 59428 127.0.0.1 22'), ('XDG_DATA_DIRS', '/usr/share/gnome:/usr/local/share:/usr/share:/var/lib/snapd/desktop'), ('PYTHONPATH', '/opt/ros/humble/lib/python3.10/site-packages:/opt/ros/humble/local/lib/python3.10/dist-packages'), ('CONDA_PREFIX', '/home/bingflame/anaconda3/envs/ros2'), ('COLCON', '1'), ('CMAKE_PREFIX_PATH', '/opt/ros/humble')]), 'shell': False}
[0.060518] (astra_camera_msgs) StdoutLine: {'line': b'-- Found ament_cmake: 1.3.10 (/opt/ros/humble/share/ament_cmake/cmake)\n'}
[0.099111] (-) TimerEvent: {}
[0.199855] (-) TimerEvent: {}
[0.300544] (-) TimerEvent: {}
[0.343663] (astra_camera_msgs) StdoutLine: {'line': b'-- Found rosidl_default_generators: 1.2.0 (/opt/ros/humble/share/rosidl_default_generators/cmake)\n'}
[0.346427] (astra_camera_msgs) StdoutLine: {'line': b'-- Using all available rosidl_typesupport_c: rosidl_typesupport_fastrtps_c;rosidl_typesupport_introspection_c\n'}
[0.351524] (astra_camera_msgs) StdoutLine: {'line': b'-- Found rosidl_adapter: 3.1.5 (/opt/ros/humble/share/rosidl_adapter/cmake)\n'}
[0.400701] (-) TimerEvent: {}
[0.408305] (astra_camera_msgs) StdoutLine: {'line': b'-- Using all available rosidl_typesupport_cpp: rosidl_typesupport_fastrtps_cpp;rosidl_typesupport_introspection_cpp\n'}
[0.455802] (astra_camera_msgs) StdoutLine: {'line': b'-- Found sensor_msgs: 4.2.4 (/opt/ros/humble/share/sensor_msgs/cmake)\n'}
[0.500864] (-) TimerEvent: {}
[0.575711] (roarm) CommandEnded: {'returncode': 0}
[0.601032] (-) TimerEvent: {}
[0.641052] (roarm) JobProgress: {'identifier': 'roarm', 'progress': 'install'}
[0.659317] (roarm) Command: {'cmd': ['/usr/bin/cmake', '--install', '/home/bingflame/RoArm-M1/build/roarm'], 'cwd': '/home/bingflame/RoArm-M1/build/roarm', 'env': OrderedDict([('LESSOPEN', '| /usr/bin/lesspipe %s'), ('CONDA_PROMPT_MODIFIER', '(ros2)'), ('USER', 'bingflame'), ('SSH_CLIENT', '127.0.0.1 59428 22'), ('XDG_SESSION_TYPE', 'tty'), ('SHLVL', '1'), ('LD_LIBRARY_PATH', '/opt/ros/humble/opt/rviz_ogre_vendor/lib:/opt/ros/humble/lib/aarch64-linux-gnu:/opt/ros/humble/lib:/usr/local/cuda-12.6/lib64::/home/bingflame/xiugaihou/JetsonGPIO/build/'), ('MOTD_SHOWN', 'pam'), ('HOME', '/home/bingflame'), ('CONDA_SHLVL', '2'), ('OLDPWD', '/home/bingflame'), ('SSH_TTY', '/dev/pts/1'), ('ROS_PYTHON_VERSION', '3'), ('DBUS_SESSION_BUS_ADDRESS', 'unix:path=/run/user/1000/bus'), ('_CE_M', ''), ('ROS_DISTRO', 'humble'), ('LOGNAME', 'bingflame'), ('_', '/usr/bin/colcon'), ('ROS_VERSION', '2'), ('XDG_SESSION_CLASS', 'user'), ('TERM', 'xterm'), ('XDG_SESSION_ID', '10'), ('_CE_CONDA', ''), ('ROS_LOCALHOST_ONLY', '0'), ('PATH', '/home/bingflame/.local/bin:/home/bingflame/anaconda3/envs/ros2/bin:/home/bingflame/anaconda3/condabin:/opt/ros/humble/bin:/usr/local/cuda-12.6/bin:/usr/local/sbin:/usr/local/bin:/usr/sbin:/usr/bin:/sbin:/bin:/usr/games:/usr/local/games:/snap/bin:/home/bingflame/anaconda3/bin'), ('XDG_RUNTIME_DIR', '/run/user/1000'), ('DISPLAY', 'localhost:11.0'), ('LANG', 'en_US.UTF-8'), ('CONDA_PREFIX_1', '/home/bingflame/anaconda3'), ('LS_COLORS', 'rs=0:di=01;34:ln=01;36:mh=00:pi=40;33:so=01;35:do=01;35:bd=40;33;01:cd=40;33;01:or=40;31;01:mi=00:su=37;41:sg=30;43:ca=30;41:tw=30;42:ow=34;42:st=37;44:ex=01;32:*.tar=01;31:*.tgz=01;31:*.arc=01;31:*.arj=01;31:*.taz=01;31:*.lha=01;31:*.lz4=01;31:*.lzh=01;31:*.lzma=01;31:*.tlz=01;31:*.txz=01;31:*.tzo=01;31:*.t7z=01;31:*.zip=01;31:*.z=01;31:*.dz=01;31:*.gz=01;31:*.lrz=01;31:*.lz=01;31:*.lzo=01;31:*.xz=01;31:*.zst=01;31:*.tzst=01;31:*.bz2=01;31:*.bz=01;31:*.tbz=01;31:*.tbz2=01;31:*.tz=01;31:*.deb=01;31:*.rpm=01;31:*.jar=01;31:*.war=01;31:*.ear=01;31:*.sar=01;31:*.rar=01;31:*.alz=01;31:*.ace=01;31:*.zoo=01;31:*.cpio=01;31:*.7z=01;31:*.rz=01;31:*.cab=01;31:*.wim=01;31:*.swm=01;31:*.dwm=01;31:*.esd=01;31:*.jpg=01;35:*.jpeg=01;35:*.mjpg=01;35:*.mjpeg=01;35:*.gif=01;35:*.bmp=01;35:*.pbm=01;35:*.pgm=01;35:*.ppm=01;35:*.tga=01;35:*.xbm=01;35:*.xpm=01;35:*.tif=01;35:*.tiff=01;35:*.png=01;35:*.svg=01;35:*.svgz=01;35:*.mng=01;35:*.pcx=01;35:*.mov=01;35:*.mpg=01;35:*.mpeg=01;35:*.m2v=01;35:*.mkv=01;35:*.webm=01;35:*.webp=01;35:*.ogm=01;35:*.mp4=01;35:*.m4v=01;35:*.mp4v=01;35:*.vob=01;35:*.qt=01;35:*.nuv=01;35:*.wmv=01;35:*.asf=01;35:*.rm=01;35:*.rmvb=01;35:*.flc=01;35:*.avi=01;35:*.fli=01;35:*.flv=01;35:*.gl=01;35:*.dl=01;35:*.xcf=01;35:*.xwd=01;35:*.yuv=01;35:*.cgm=01;35:*.emf=01;35:*.ogv=01;35:*.ogx=01;35:*.aac=00;36:*.au=00;36:*.flac=00;36:*.m4a=00;36:*.mid=00;36:*.midi=00;36:*.mka=00;36:*.mp3=00;36:*.mpc=00;36:*.ogg=00;36:*.ra=00;36:*.wav=00;36:*.oga=00;36:*.opus=00;36:*.spx=00;36:*.xspf=00;36:'), ('AMENT_PREFIX_PATH', '/opt/ros/humble'), ('CONDA_PYTHON_EXE', '/home/bingflame/anaconda3/bin/python'), ('SHELL', '/bin/bash'), ('LESSCLOSE', '/usr/bin/lesspipe %s %s'), ('CONDA_DEFAULT_ENV', 'ros2'), ('PWD', '/home/bingflame/RoArm-M1/build/roarm'), ('LC_ALL', 'en_US.UTF-8'), ('CONDA_EXE', '/home/bingflame/anaconda3/bin/conda'), ('SSH_CONNECTION', '127.0.0.1 59428 127.0.0.1 22'), ('XDG_DATA_DIRS', '/usr/share/gnome:/usr/local/share:/usr/share:/var/lib/snapd/desktop'), ('PYTHONPATH', '/opt/ros/humble/lib/python3.10/site-packages:/opt/ros/humble/local/lib/python3.10/dist-packages'), ('CONDA_PREFIX', '/home/bingflame/anaconda3/envs/ros2'), ('COLCON', '1'), ('CMAKE_PREFIX_PATH', '/opt/ros/humble')]), 'shell': False}
[0.677129] (roarm) StdoutLine: {'line': b'-- Install configuration: ""\n'}
[0.677708] (roarm) StdoutLine: {'line': b'-- Up-to-date: /home/bingflame/RoArm-M1/install/roarm/share/roarm/config\n'}
[0.678214] (roarm) StdoutLine: {'line': b'-- Up-to-date: /home/bingflame/RoArm-M1/install/roarm/share/roarm/config/.gitkeep\n'}
[0.678676] (roarm) StdoutLine: {'line': b'-- Up-to-date: /home/bingflame/RoArm-M1/install/roarm/share/roarm/launch\n'}
[0.679281] (roarm) StdoutLine: {'line': b'-- Up-to-date: /home/bingflame/RoArm-M1/install/roarm/share/roarm/launch/roarm.launch.py\n'}
[0.679751] (roarm) StdoutLine: {'line': b'-- Up-to-date: /home/bingflame/RoArm-M1/install/roarm/share/roarm/maps\n'}
[0.680356] (roarm) StdoutLine: {'line': b'-- Up-to-date: /home/bingflame/RoArm-M1/install/roarm/share/roarm/maps/.gitkeep\n'}
[0.680833] (roarm) StdoutLine: {'line': b'-- Up-to-date: /home/bingflame/RoArm-M1/install/roarm/share/roarm/meshes\n'}
[0.681439] (roarm) StdoutLine: {'line': b'-- Up-to-date: /home/bingflame/RoArm-M1/install/roarm/share/roarm/meshes/base.stl\n'}
[0.681925] (roarm) StdoutLine: {'line': b'-- Up-to-date: /home/bingflame/RoArm-M1/install/roarm/share/roarm/meshes/L4.stl\n'}
[0.682410] (roarm) StdoutLine: {'line': b'-- Up-to-date: /home/bingflame/RoArm-M1/install/roarm/share/roarm/meshes/L5_2_A.stl\n'}
[0.682891] (roarm) StdoutLine: {'line': b'-- Up-to-date: /home/bingflame/RoArm-M1/install/roarm/share/roarm/meshes/L5_1_B.stl\n'}
[0.683390] (roarm) StdoutLine: {'line': b'-- Up-to-date: /home/bingflame/RoArm-M1/install/roarm/share/roarm/meshes/L5_3_B.stl\n'}
[0.683913] (roarm) StdoutLine: {'line': b'-- Up-to-date: /home/bingflame/RoArm-M1/install/roarm/share/roarm/meshes/L2.stl\n'}
[0.684411] (roarm) StdoutLine: {'line': b'-- Up-to-date: /home/bingflame/RoArm-M1/install/roarm/share/roarm/meshes/L3.stl\n'}
[0.684873] (roarm) StdoutLine: {'line': b'-- Up-to-date: /home/bingflame/RoArm-M1/install/roarm/share/roarm/meshes/L1.stl\n'}
[0.685352] (roarm) StdoutLine: {'line': b'-- Up-to-date: /home/bingflame/RoArm-M1/install/roarm/share/roarm/meshes/L5_3_A.stl\n'}
[0.685829] (roarm) StdoutLine: {'line': b'-- Up-to-date: /home/bingflame/RoArm-M1/install/roarm/share/roarm/meshes/L5_2_B.stl\n'}
[0.686330] (roarm) StdoutLine: {'line': b'-- Up-to-date: /home/bingflame/RoArm-M1/install/roarm/share/roarm/meshes/L5_1_A.stl\n'}
[0.686825] (roarm) StdoutLine: {'line': b'-- Up-to-date: /home/bingflame/RoArm-M1/install/roarm/share/roarm/models\n'}
[0.687408] (roarm) StdoutLine: {'line': b'-- Up-to-date: /home/bingflame/RoArm-M1/install/roarm/share/roarm/models/.gitkeep\n'}
[0.687885] (roarm) StdoutLine: {'line': b'-- Up-to-date: /home/bingflame/RoArm-M1/install/roarm/share/roarm/params\n'}
[0.688173] (roarm) StdoutLine: {'line': b'-- Up-to-date: /home/bingflame/RoArm-M1/install/roarm/share/roarm/params/.gitkeep\n'}
[0.688421] (roarm) StdoutLine: {'line': b'-- Up-to-date: /home/bingflame/RoArm-M1/install/roarm/share/roarm/rviz\n'}
[0.688720] (roarm) StdoutLine: {'line': b'-- Up-to-date: /home/bingflame/RoArm-M1/install/roarm/share/roarm/rviz/rviz_basic_settings.rviz\n'}
[0.689056] (roarm) StdoutLine: {'line': b'-- Up-to-date: /home/bingflame/RoArm-M1/install/roarm/share/roarm/src\n'}
[0.689211] (roarm) StdoutLine: {'line': b'-- Up-to-date: /home/bingflame/RoArm-M1/install/roarm/share/roarm/src/.gitkeep\n'}
[0.689359] (roarm) StdoutLine: {'line': b'-- Up-to-date: /home/bingflame/RoArm-M1/install/roarm/share/roarm/urdf\n'}
[0.689503] (roarm) StdoutLine: {'line': b'-- Up-to-date: /home/bingflame/RoArm-M1/install/roarm/share/roarm/urdf/roarm.urdf\n'}
[0.689845] (roarm) StdoutLine: {'line': b'-- Up-to-date: /home/bingflame/RoArm-M1/install/roarm/share/roarm/worlds\n'}
[0.690000] (roarm) StdoutLine: {'line': b'-- Up-to-date: /home/bingflame/RoArm-M1/install/roarm/share/roarm/worlds/.gitkeep\n'}
[0.690200] (roarm) StdoutLine: {'line': b'-- Up-to-date: /home/bingflame/RoArm-M1/install/roarm/share/ament_index/resource_index/package_run_dependencies/roarm\n'}
[0.690350] (roarm) StdoutLine: {'line': b'-- Up-to-date: /home/bingflame/RoArm-M1/install/roarm/share/ament_index/resource_index/parent_prefix_path/roarm\n'}
[0.690486] (roarm) StdoutLine: {'line': b'-- Up-to-date: /home/bingflame/RoArm-M1/install/roarm/share/roarm/environment/ament_prefix_path.sh\n'}
[0.690619] (roarm) StdoutLine: {'line': b'-- Up-to-date: /home/bingflame/RoArm-M1/install/roarm/share/roarm/environment/ament_prefix_path.dsv\n'}
[0.690750] (roarm) StdoutLine: {'line': b'-- Up-to-date: /home/bingflame/RoArm-M1/install/roarm/share/roarm/environment/path.sh\n'}
[0.690881] (roarm) StdoutLine: {'line': b'-- Up-to-date: /home/bingflame/RoArm-M1/install/roarm/share/roarm/environment/path.dsv\n'}
[0.691014] (roarm) StdoutLine: {'line': b'-- Up-to-date: /home/bingflame/RoArm-M1/install/roarm/share/roarm/local_setup.bash\n'}
[0.691144] (roarm) StdoutLine: {'line': b'-- Up-to-date: /home/bingflame/RoArm-M1/install/roarm/share/roarm/local_setup.sh\n'}
[0.691308] (roarm) StdoutLine: {'line': b'-- Up-to-date: /home/bingflame/RoArm-M1/install/roarm/share/roarm/local_setup.zsh\n'}
[0.691453] (roarm) StdoutLine: {'line': b'-- Up-to-date: /home/bingflame/RoArm-M1/install/roarm/share/roarm/local_setup.dsv\n'}
[0.691584] (roarm) StdoutLine: {'line': b'-- Installing: /home/bingflame/RoArm-M1/install/roarm/share/roarm/package.dsv\n'}
[0.691715] (roarm) StdoutLine: {'line': b'-- Up-to-date: /home/bingflame/RoArm-M1/install/roarm/share/ament_index/resource_index/packages/roarm\n'}
[0.691956] (roarm) StdoutLine: {'line': b'-- Up-to-date: /home/bingflame/RoArm-M1/install/roarm/share/roarm/cmake/roarmConfig.cmake\n'}
[0.692099] (roarm) StdoutLine: {'line': b'-- Up-to-date: /home/bingflame/RoArm-M1/install/roarm/share/roarm/cmake/roarmConfig-version.cmake\n'}
[0.692238] (roarm) StdoutLine: {'line': b'-- Up-to-date: /home/bingflame/RoArm-M1/install/roarm/share/roarm/package.xml\n'}
[0.703823] (roarm) CommandEnded: {'returncode': 0}
[0.707760] (-) TimerEvent: {}
[0.777602] (roarm) JobEnded: {'identifier': 'roarm', 'rc': 0}
[0.807934] (-) TimerEvent: {}
[0.821259] (astra_camera_msgs) StderrLine: {'line': b'\x1b[31mCMake Error at /opt/ros/humble/share/rosidl_adapter/cmake/rosidl_adapt_interfaces.cmake:59 (message):\n'}
[0.821915] (astra_camera_msgs) StderrLine: {'line': b'  execute_process(/home/bingflame/anaconda3/envs/ros2/bin/python3 -m\n'}
[0.822103] (astra_camera_msgs) StderrLine: {'line': b'  rosidl_adapter --package-name astra_camera_msgs --arguments-file\n'}
[0.822251] (astra_camera_msgs) StderrLine: {'line': b'  /home/bingflame/RoArm-M1/build/astra_camera_msgs/rosidl_adapter__arguments__astra_camera_msgs.json\n'}
[0.822391] (astra_camera_msgs) StderrLine: {'line': b'  --output-dir\n'}
[0.822527] (astra_camera_msgs) StderrLine: {'line': b'  /home/bingflame/RoArm-M1/build/astra_camera_msgs/rosidl_adapter/astra_camera_msgs\n'}
[0.822664] (astra_camera_msgs) StderrLine: {'line': b'  --output-file\n'}
[0.822793] (astra_camera_msgs) StderrLine: {'line': b'  /home/bingflame/RoArm-M1/build/astra_camera_msgs/rosidl_adapter/astra_camera_msgs.idls)\n'}
[0.822921] (astra_camera_msgs) StderrLine: {'line': b'  returned error code 1:\n'}
[0.823072] (astra_camera_msgs) StderrLine: {'line': b'\n'}
[0.823202] (astra_camera_msgs) StderrLine: {'line': b"  AttributeError processing template 'msg.idl.em'\n"}
[0.823338] (astra_camera_msgs) StderrLine: {'line': b'\n'}
[0.823462] (astra_camera_msgs) StderrLine: {'line': b'  Traceback (most recent call last):\n'}
[0.823585] (astra_camera_msgs) StderrLine: {'line': b'\n'}
[0.823708] (astra_camera_msgs) StderrLine: {'line': b'    File "/opt/ros/humble/local/lib/python3.10/dist-packages/rosidl_adapter/resource/__init__.py", line 51, in evaluate_template\n'}
[0.823872] (astra_camera_msgs) StderrLine: {'line': b'      em.BUFFERED_OPT: True,\n'}
[0.824006] (astra_camera_msgs) StderrLine: {'line': b'\n'}
[0.824130] (astra_camera_msgs) StderrLine: {'line': b"  AttributeError: module 'em' has no attribute 'BUFFERED_OPT'\n"}
[0.824254] (astra_camera_msgs) StderrLine: {'line': b'\n'}
[0.824372] (astra_camera_msgs) StderrLine: {'line': b'  \n'}
[0.824491] (astra_camera_msgs) StderrLine: {'line': b'\n'}
[0.824616] (astra_camera_msgs) StderrLine: {'line': b'  During handling of the above exception, another exception occurred:\n'}
[0.824739] (astra_camera_msgs) StderrLine: {'line': b'\n'}
[0.824866] (astra_camera_msgs) StderrLine: {'line': b'  \n'}
[0.824990] (astra_camera_msgs) StderrLine: {'line': b'\n'}
[0.825113] (astra_camera_msgs) StderrLine: {'line': b'  Traceback (most recent call last):\n'}
[0.825235] (astra_camera_msgs) StderrLine: {'line': b'\n'}
[0.825356] (astra_camera_msgs) StderrLine: {'line': b'    File "/home/bingflame/anaconda3/envs/ros2/lib/python3.10/runpy.py", line 196, in _run_module_as_main\n'}
[0.825476] (astra_camera_msgs) StderrLine: {'line': b'      return _run_code(code, main_globals, None,\n'}
[0.825593] (astra_camera_msgs) StderrLine: {'line': b'    File "/home/bingflame/anaconda3/envs/ros2/lib/python3.10/runpy.py", line 86, in _run_code\n'}
[0.825715] (astra_camera_msgs) StderrLine: {'line': b'      exec(code, run_globals)\n'}
[0.825838] (astra_camera_msgs) StderrLine: {'line': b'    File "/opt/ros/humble/local/lib/python3.10/dist-packages/rosidl_adapter/__main__.py", line 19, in <module>\n'}
[0.825965] (astra_camera_msgs) StderrLine: {'line': b'      sys.exit(main())\n'}
[0.826091] (astra_camera_msgs) StderrLine: {'line': b'    File "/opt/ros/humble/local/lib/python3.10/dist-packages/rosidl_adapter/main.py", line 53, in main\n'}
[0.826214] (astra_camera_msgs) StderrLine: {'line': b'      abs_idl_file = convert_to_idl(\n'}
[0.826337] (astra_camera_msgs) StderrLine: {'line': b'    File "/opt/ros/humble/local/lib/python3.10/dist-packages/rosidl_adapter/__init__.py", line 19, in convert_to_idl\n'}
[0.826463] (astra_camera_msgs) StderrLine: {'line': b'      return convert_msg_to_idl(\n'}
[0.826586] (astra_camera_msgs) StderrLine: {'line': b'    File "/opt/ros/humble/local/lib/python3.10/dist-packages/rosidl_adapter/msg/__init__.py", line 39, in convert_msg_to_idl\n'}
[0.826712] (astra_camera_msgs) StderrLine: {'line': b"      expand_template('msg.idl.em', data, output_file, encoding='iso-8859-1')\n"}
[0.826836] (astra_camera_msgs) StderrLine: {'line': b'    File "/opt/ros/humble/local/lib/python3.10/dist-packages/rosidl_adapter/resource/__init__.py", line 23, in expand_template\n'}
[0.826960] (astra_camera_msgs) StderrLine: {'line': b'      content = evaluate_template(template_name, data)\n'}
[0.827086] (astra_camera_msgs) StderrLine: {'line': b'    File "/opt/ros/humble/local/lib/python3.10/dist-packages/rosidl_adapter/resource/__init__.py", line 69, in evaluate_template\n'}
[0.827215] (astra_camera_msgs) StderrLine: {'line': b'      _interpreter.shutdown()\n'}
[0.827335] (astra_camera_msgs) StderrLine: {'line': b'\n'}
[0.827458] (astra_camera_msgs) StderrLine: {'line': b"  AttributeError: 'NoneType' object has no attribute 'shutdown'\n"}
[0.827578] (astra_camera_msgs) StderrLine: {'line': b'\n'}
[0.827699] (astra_camera_msgs) StderrLine: {'line': b'Call Stack (most recent call first):\n'}
[0.827871] (astra_camera_msgs) StderrLine: {'line': b'  /opt/ros/humble/share/rosidl_cmake/cmake/rosidl_generate_interfaces.cmake:130 (rosidl_adapt_interfaces)\n'}
[0.828043] (astra_camera_msgs) StderrLine: {'line': b'  CMakeLists.txt:17 (rosidl_generate_interfaces)\n'}
[0.828167] (astra_camera_msgs) StderrLine: {'line': b'\n'}
[0.828292] (astra_camera_msgs) StderrLine: {'line': b'\x1b[0m\n'}
[0.828416] (astra_camera_msgs) StdoutLine: {'line': b'-- Configuring incomplete, errors occurred!\n'}
[0.828567] (astra_camera_msgs) StdoutLine: {'line': b'See also "/home/bingflame/RoArm-M1/build/astra_camera_msgs/CMakeFiles/CMakeOutput.log".\n'}
[0.836635] (astra_camera_msgs) CommandEnded: {'returncode': 1}
[0.868507] (astra_camera_msgs) JobEnded: {'identifier': 'astra_camera_msgs', 'rc': 1}
[0.908087] (-) TimerEvent: {}
[1.008725] (-) TimerEvent: {}
[1.109373] (-) TimerEvent: {}
[1.210073] (-) TimerEvent: {}
[1.257085] (serial_ctrl) JobEnded: {'identifier': 'serial_ctrl', 'rc': 'SIGINT'}
[1.268293] (astra_camera) JobSkipped: {'identifier': 'astra_camera'}
[1.268544] (-) EventReactorShutdown: {}
