[0.032s] Invoking command in '/home/bingflame/RoArm-M1/build/astra_camera_msgs': CMAKE_PREFIX_PATH=/opt/ros/humble CONDA_PROMPT_MODIFIER=(ros2) /usr/bin/cmake /home/bingflame/RoArm-M1/src/astra_camera_msgs -DCMAKE_INSTALL_PREFIX=/home/bingflame/RoArm-M1/install/astra_camera_msgs
[0.059s] -- Found ament_cmake: 1.3.10 (/opt/ros/humble/share/ament_cmake/cmake)
[0.342s] -- Found rosidl_default_generators: 1.2.0 (/opt/ros/humble/share/rosidl_default_generators/cmake)
[0.345s] -- Using all available rosidl_typesupport_c: rosidl_typesupport_fastrtps_c;rosidl_typesupport_introspection_c
[0.350s] -- Found rosidl_adapter: 3.1.5 (/opt/ros/humble/share/rosidl_adapter/cmake)
[0.407s] -- Using all available rosidl_typesupport_cpp: rosidl_typesupport_fastrtps_cpp;rosidl_typesupport_introspection_cpp
[0.454s] -- Found sensor_msgs: 4.2.4 (/opt/ros/humble/share/sensor_msgs/cmake)
[0.820s] [31mCMake Error at /opt/ros/humble/share/rosidl_adapter/cmake/rosidl_adapt_interfaces.cmake:59 (message):
[0.820s]   execute_process(/home/bingflame/anaconda3/envs/ros2/bin/python3 -m
[0.820s]   rosidl_adapter --package-name astra_camera_msgs --arguments-file
[0.821s]   /home/bingflame/RoArm-M1/build/astra_camera_msgs/rosidl_adapter__arguments__astra_camera_msgs.json
[0.821s]   --output-dir
[0.821s]   /home/bingflame/RoArm-M1/build/astra_camera_msgs/rosidl_adapter/astra_camera_msgs
[0.821s]   --output-file
[0.821s]   /home/bingflame/RoArm-M1/build/astra_camera_msgs/rosidl_adapter/astra_camera_msgs.idls)
[0.821s]   returned error code 1:
[0.821s] 
[0.822s]   AttributeError processing template 'msg.idl.em'
[0.822s] 
[0.822s]   Traceback (most recent call last):
[0.822s] 
[0.822s]     File "/opt/ros/humble/local/lib/python3.10/dist-packages/rosidl_adapter/resource/__init__.py", line 51, in evaluate_template
[0.822s]       em.BUFFERED_OPT: True,
[0.822s] 
[0.822s]   AttributeError: module 'em' has no attribute 'BUFFERED_OPT'
[0.823s] 
[0.823s]   
[0.823s] 
[0.823s]   During handling of the above exception, another exception occurred:
[0.823s] 
[0.823s]   
[0.823s] 
[0.823s]   Traceback (most recent call last):
[0.824s] 
[0.824s]     File "/home/bingflame/anaconda3/envs/ros2/lib/python3.10/runpy.py", line 196, in _run_module_as_main
[0.824s]       return _run_code(code, main_globals, None,
[0.824s]     File "/home/bingflame/anaconda3/envs/ros2/lib/python3.10/runpy.py", line 86, in _run_code
[0.824s]       exec(code, run_globals)
[0.824s]     File "/opt/ros/humble/local/lib/python3.10/dist-packages/rosidl_adapter/__main__.py", line 19, in <module>
[0.824s]       sys.exit(main())
[0.824s]     File "/opt/ros/humble/local/lib/python3.10/dist-packages/rosidl_adapter/main.py", line 53, in main
[0.825s]       abs_idl_file = convert_to_idl(
[0.825s]     File "/opt/ros/humble/local/lib/python3.10/dist-packages/rosidl_adapter/__init__.py", line 19, in convert_to_idl
[0.825s]       return convert_msg_to_idl(
[0.825s]     File "/opt/ros/humble/local/lib/python3.10/dist-packages/rosidl_adapter/msg/__init__.py", line 39, in convert_msg_to_idl
[0.825s]       expand_template('msg.idl.em', data, output_file, encoding='iso-8859-1')
[0.825s]     File "/opt/ros/humble/local/lib/python3.10/dist-packages/rosidl_adapter/resource/__init__.py", line 23, in expand_template
[0.825s]       content = evaluate_template(template_name, data)
[0.825s]     File "/opt/ros/humble/local/lib/python3.10/dist-packages/rosidl_adapter/resource/__init__.py", line 69, in evaluate_template
[0.826s]       _interpreter.shutdown()
[0.826s] 
[0.826s]   AttributeError: 'NoneType' object has no attribute 'shutdown'
[0.826s] 
[0.826s] Call Stack (most recent call first):
[0.826s]   /opt/ros/humble/share/rosidl_cmake/cmake/rosidl_generate_interfaces.cmake:130 (rosidl_adapt_interfaces)
[0.826s]   CMakeLists.txt:17 (rosidl_generate_interfaces)
[0.826s] 
[0.827s] [0m
[0.827s] -- Configuring incomplete, errors occurred!
[0.827s] See also "/home/bingflame/RoArm-M1/build/astra_camera_msgs/CMakeFiles/CMakeOutput.log".
[0.835s] Invoked command in '/home/bingflame/RoArm-M1/build/astra_camera_msgs' returned '1': CMAKE_PREFIX_PATH=/opt/ros/humble CONDA_PROMPT_MODIFIER=(ros2) /usr/bin/cmake /home/bingflame/RoArm-M1/src/astra_camera_msgs -DCMAKE_INSTALL_PREFIX=/home/bingflame/RoArm-M1/install/astra_camera_msgs
