[  5%] [32mBuilding CXX object CMakeFiles/point_cloud_subscriber.dir/src/point_cloud_subscriber.cpp.o[0m
[ 83%] Built target astra_camera
[ 94%] Built target list_devices_node
[01m[K/home/bingflame/RoArm-M1/src/astra_camera/src/point_cloud_subscriber.cpp:61:24:[m[K [01;31m[Kerror: [m[Kâ€˜[01m[Kstd_msg[m[Kâ€™ was not declared in this scope; did you mean â€˜[01m[Kstd_msgs[m[Kâ€™?
   61 |   rclcpp::Subscription<[01;31m[Kstd_msg[m[K ::msg::String>::SharedPtr serial_subscription_;
      |                        [01;31m[K^~~~~~~[m[K
      |                        [32m[Kstd_msgs[m[K
[01m[K/home/bingflame/RoArm-M1/src/astra_camera/src/point_cloud_subscriber.cpp:61:45:[m[K [01;31m[Kerror: [m[Ktemplate argument 1 is invalid
   61 |   rclcpp::Subscription<std_msg ::msg::String[01;31m[K>[m[K::SharedPtr serial_subscription_;
      |                                             [01;31m[K^[m[K
[01m[K/home/bingflame/RoArm-M1/src/astra_camera/src/point_cloud_subscriber.cpp:61:45:[m[K [01;31m[Kerror: [m[Ktemplate argument 3 is invalid
[01m[K/home/bingflame/RoArm-M1/src/astra_camera/src/point_cloud_subscriber.cpp:61:45:[m[K [01;31m[Kerror: [m[Ktemplate argument 4 is invalid
[01m[K/home/bingflame/RoArm-M1/src/astra_camera/src/point_cloud_subscriber.cpp:61:45:[m[K [01;31m[Kerror: [m[Ktemplate argument 5 is invalid
[01m[K/home/bingflame/RoArm-M1/src/astra_camera/src/point_cloud_subscriber.cpp:61:48:[m[K [01;31m[Kerror: [m[Kexpected â€˜[01m[K;[m[Kâ€™ at end of member declaration
   61 |   rclcpp::Subscription<std_msg ::msg::String>::[01;31m[KSharedPtr[m[K serial_subscription_;
      |                                                [01;31m[K^~~~~~~~~[m[K
      |                                                         [32m[K;[m[K
[01m[K/home/bingflame/RoArm-M1/src/astra_camera/src/point_cloud_subscriber.cpp:61:58:[m[K [01;31m[Kerror: [m[Kâ€˜[01m[Kserial_subscription_[m[Kâ€™ does not name a type; did you mean â€˜[01m[Krcl_subscription_t[m[Kâ€™?
   61 |   rclcpp::Subscription<std_msg ::msg::String>::SharedPtr [01;31m[Kserial_subscription_[m[K;
      |                                                          [01;31m[K^~~~~~~~~~~~~~~~~~~~[m[K
      |                                                          [32m[Krcl_subscription_t[m[K
[01m[K/home/bingflame/RoArm-M1/src/astra_camera/src/point_cloud_subscriber.cpp:[m[K In constructor â€˜[01m[KDepthSubscriber::DepthSubscriber()[m[Kâ€™:
[01m[K/home/bingflame/RoArm-M1/src/astra_camera/src/point_cloud_subscriber.cpp:23:5:[m[K [01;31m[Kerror: [m[Kâ€˜[01m[Kserial_subscription_[m[Kâ€™ was not declared in this scope; did you mean â€˜[01m[Krcl_subscription_t[m[Kâ€™?
   23 |     [01;31m[Kserial_subscription_[m[K = this->create_subscription<std_msgs::msg::String>(
      |     [01;31m[K^~~~~~~~~~~~~~~~~~~~[m[K
      |     [32m[Krcl_subscription_t[m[K
[01m[K/home/bingflame/RoArm-M1/src/astra_camera/src/point_cloud_subscriber.cpp:[m[K At global scope:
[01m[K/home/bingflame/RoArm-M1/src/astra_camera/src/point_cloud_subscriber.cpp:64:28:[m[K [01;31m[Kerror: [m[Kexpected â€˜[01m[K,[m[Kâ€™ or â€˜[01m[K...[m[Kâ€™ before â€˜[01m[Krgv[m[Kâ€™
   64 | int main(int argc, char* a [01;31m[Krgv[m[K[]) {
      |                            [01;31m[K^~~[m[K
[01m[K/home/bingflame/RoArm-M1/src/astra_camera/src/point_cloud_subscriber.cpp:64:5:[m[K [01;35m[Kwarning: [m[Ksecond argument of â€˜[01m[Kint main(int, char*)[m[Kâ€™ should be â€˜[01m[Kchar **[m[Kâ€™ [[01;35m[K-Wmain[m[K]
   64 | int [01;35m[Kmain[m[K(int argc, char* a rgv[]) {
      |     [01;35m[K^~~~[m[K
[01m[K/home/bingflame/RoArm-M1/src/astra_camera/src/point_cloud_subscriber.cpp:[m[K In function â€˜[01m[Kint main(int, char*)[m[Kâ€™:
[01m[K/home/bingflame/RoArm-M1/src/astra_camera/src/point_cloud_subscriber.cpp:65:22:[m[K [01;31m[Kerror: [m[Kâ€˜[01m[Kargv[m[Kâ€™ was not declared in this scope; did you mean â€˜[01m[Kargc[m[Kâ€™?
   65 |   rclcpp::init(argc, [01;31m[Kargv[m[K);
      |                      [01;31m[K^~~~[m[K
      |                      [32m[Kargc[m[K
[01m[K/home/bingflame/RoArm-M1/src/astra_camera/src/point_cloud_subscriber.cpp:64:26:[m[K [01;35m[Kwarning: [m[Kunused parameter â€˜[01m[Ka[m[Kâ€™ [[01;35m[K-Wunused-parameter[m[K]
   64 | int main(int argc, [01;35m[Kchar* a[m[K rgv[]) {
      |                    [01;35m[K~~~~~~^[m[K
gmake[2]: *** [CMakeFiles/point_cloud_subscriber.dir/build.make:76: CMakeFiles/point_cloud_subscriber.dir/src/point_cloud_subscriber.cpp.o] Error 1
gmake[1]: *** [CMakeFiles/Makefile2:193: CMakeFiles/point_cloud_subscriber.dir/all] Error 2
gmake: *** [Makefile:146: all] Error 2
