[0.021s] Invoking command in '/home/bingflame/RoArm-M1/build/astra_camera': AMENT_PREFIX_PATH=/home/bingflame/RoArm-M1/install/astra_camera_msgs:${AMENT_PREFIX_PATH} CMAKE_PREFIX_PATH=/home/bingflame/RoArm-M1/install/astra_camera_msgs:/opt/ros/humble CONDA_PROMPT_MODIFIER=(ros2) LD_LIBRARY_PATH=/home/bingflame/RoArm-M1/install/astra_camera_msgs/lib:/opt/ros/humble/opt/rviz_ogre_vendor/lib:/opt/ros/humble/lib/aarch64-linux-gnu:/opt/ros/humble/lib:/usr/local/cuda-12.6/lib64:/home/bingflame/xiugaihou/JetsonGPIO/build/ PYTHONPATH=/home/bingflame/RoArm-M1/install/astra_camera_msgs/lib/python3.10/site-packages:${PYTHONPATH} /usr/bin/cmake /home/bingflame/RoArm-M1/src/astra_camera -DCMAKE_INSTALL_PREFIX=/home/bingflame/RoArm-M1/install/astra_camera
[0.043s] -- Found ament_cmake: 1.3.10 (/opt/ros/humble/share/ament_cmake/cmake)
[0.327s] -- Found ament_index_cpp: 1.4.0 (/opt/ros/humble/share/ament_index_cpp/cmake)
[0.329s] -- Found astra_camera_msgs: 1.0.1 (/home/bingflame/RoArm-M1/install/astra_camera_msgs/share/astra_camera_msgs/cmake)
[0.392s] -- Found rosidl_generator_c: 3.1.5 (/opt/ros/humble/share/rosidl_generator_c/cmake)
[0.400s] -- Found rosidl_adapter: 3.1.5 (/opt/ros/humble/share/rosidl_adapter/cmake)
[0.415s] -- Found rosidl_generator_cpp: 3.1.5 (/opt/ros/humble/share/rosidl_generator_cpp/cmake)
[0.439s] -- Using all available rosidl_typesupport_c: rosidl_typesupport_fastrtps_c;rosidl_typesupport_introspection_c
[0.467s] -- Using all available rosidl_typesupport_cpp: rosidl_typesupport_fastrtps_cpp;rosidl_typesupport_introspection_cpp
[0.605s] -- Found camera_info_manager: 3.1.9 (/opt/ros/humble/share/camera_info_manager/cmake)
[0.690s] -- Found rmw_implementation_cmake: 6.1.2 (/opt/ros/humble/share/rmw_implementation_cmake/cmake)
[0.694s] -- Found rmw_fastrtps_cpp: 6.2.7 (/opt/ros/humble/share/rmw_fastrtps_cpp/cmake)
[0.854s] -- Found OpenSSL: /usr/lib/aarch64-linux-gnu/libcrypto.so (found version "3.0.2")  
[0.919s] -- Found FastRTPS: /opt/ros/humble/include  
[1.000s] -- Using RMW implementation 'rmw_fastrtps_cpp' as default
[1.017s] -- Looking for pthread.h
[1.165s] -- Looking for pthread.h - found
[1.166s] -- Performing Test CMAKE_HAVE_LIBC_PTHREAD
[1.316s] -- Performing Test CMAKE_HAVE_LIBC_PTHREAD - Success
[1.318s] -- Found Threads: TRUE  
[1.436s] -- Found class_loader: 2.2.0 (/opt/ros/humble/share/class_loader/cmake)
[1.454s] -- Found cv_bridge: 3.2.1 (/opt/ros/humble/share/cv_bridge/cmake)
[1.498s] -- Found Unwind: /usr/include/aarch64-linux-gnu (found suitable version "1.3.2", minimum required is "1.3.2") 
[1.502s] -- Found image_geometry: 3.2.1 (/opt/ros/humble/share/image_geometry/cmake)
[1.508s] -- Found image_publisher: 3.0.6 (/opt/ros/humble/share/image_publisher/cmake)
[1.647s] -- Found JPEG: /usr/lib/aarch64-linux-gnu/libjpeg.so (found version "80") 
[1.648s] -- Found JPEG library using standard module
[1.649s] [33mCMake Warning (dev) at /usr/share/cmake-3.22/Modules/FindPackageHandleStandardArgs.cmake:438 (message):
[1.649s]   The package name passed to `find_package_handle_standard_args` (JPEG) does
[1.649s]   not match the name of the calling package (JpegPkg).  This can lead to
[1.649s]   problems in calling code that expects `find_package` result variables
[1.649s]   (e.g., `_FOUND`) to follow a certain pattern.
[1.650s] Call Stack (most recent call first):
[1.650s]   /usr/local/lib/cmake/libuvc/FindJpegPkg.cmake:58 (find_package_handle_standard_args)
[1.650s]   /usr/local/lib/cmake/libuvc/libuvcConfig.cmake:13 (find_package)
[1.650s]   CMakeLists.txt:27 (find_package)
[1.650s] This warning is for project developers.  Use -Wno-dev to suppress it.
[1.650s] [0m
[1.650s] -- Found JPEG: /usr/lib/aarch64-linux-gnu/libjpeg.so  
[1.657s] -- Found PkgConfig: /usr/bin/pkg-config (found version "0.29.2") 
[1.659s] -- Checking for module 'libusb-1.0'
[1.679s] --   Found libusb-1.0, version 1.0.25
[1.740s] -- libusb-1.0 found using pkgconfig
[1.766s] -- Found OpenCV: /usr (found version "4.5.4") 
[1.773s] -- Found std_srvs: 4.2.4 (/opt/ros/humble/share/std_srvs/cmake)
[1.806s] -- Found tf2: 0.25.8 (/opt/ros/humble/share/tf2/cmake)
[1.818s] -- Found tf2_eigen: 0.25.8 (/opt/ros/humble/share/tf2_eigen/cmake)
[1.962s] -- Found tf2_sensor_msgs: 0.25.8 (/opt/ros/humble/share/tf2_sensor_msgs/cmake)
[1.979s] -- ORRBEC Machine : aarch64
[1.979s] 
[1.979s] -- ORRBEC Machine Bits : 64
[1.979s] 
[1.980s] -- ORRBEC : arm64
[2.019s] -- Found ament_lint_auto: 0.12.11 (/opt/ros/humble/share/ament_lint_auto/cmake)
[2.242s] -- Configuring done
[2.325s] [33mCMake Warning at CMakeLists.txt:84 (add_library):
[2.325s]   Cannot generate a safe runtime search path for target astra_camera because
[2.325s]   files in some directories may conflict with libraries in implicit
[2.325s]   directories:
[2.325s] 
[2.326s]     runtime library [libpython3.10.so.1.0] in /usr/lib/aarch64-linux-gnu may be hidden by files in:
[2.326s]       /home/bingflame/anaconda3/envs/ros2/lib
[2.326s] 
[2.326s]   Some of these libraries may not be found correctly.
[2.326s] 
[2.326s] [0m
[2.364s] [33mCMake Warning at CMakeLists.txt:120 (add_executable):
[2.365s]   Cannot generate a safe runtime search path for target list_devices_node
[2.365s]   because files in some directories may conflict with libraries in implicit
[2.365s]   directories:
[2.365s] 
[2.365s]     runtime library [libpython3.10.so.1.0] in /usr/lib/aarch64-linux-gnu may be hidden by files in:
[2.365s]       /home/bingflame/anaconda3/envs/ros2/lib
[2.366s] 
[2.366s]   Some of these libraries may not be found correctly.
[2.366s] 
[2.366s] [0m
[2.374s] -- Generating done
[2.378s] -- Build files have been written to: /home/bingflame/RoArm-M1/build/astra_camera
[2.410s] Invoked command in '/home/bingflame/RoArm-M1/build/astra_camera' returned '0': AMENT_PREFIX_PATH=/home/bingflame/RoArm-M1/install/astra_camera_msgs:${AMENT_PREFIX_PATH} CMAKE_PREFIX_PATH=/home/bingflame/RoArm-M1/install/astra_camera_msgs:/opt/ros/humble CONDA_PROMPT_MODIFIER=(ros2) LD_LIBRARY_PATH=/home/bingflame/RoArm-M1/install/astra_camera_msgs/lib:/opt/ros/humble/opt/rviz_ogre_vendor/lib:/opt/ros/humble/lib/aarch64-linux-gnu:/opt/ros/humble/lib:/usr/local/cuda-12.6/lib64:/home/bingflame/xiugaihou/JetsonGPIO/build/ PYTHONPATH=/home/bingflame/RoArm-M1/install/astra_camera_msgs/lib/python3.10/site-packages:${PYTHONPATH} /usr/bin/cmake /home/bingflame/RoArm-M1/src/astra_camera -DCMAKE_INSTALL_PREFIX=/home/bingflame/RoArm-M1/install/astra_camera
[2.411s] Invoking command in '/home/bingflame/RoArm-M1/build/astra_camera': AMENT_PREFIX_PATH=/home/bingflame/RoArm-M1/install/astra_camera_msgs:${AMENT_PREFIX_PATH} CMAKE_PREFIX_PATH=/home/bingflame/RoArm-M1/install/astra_camera_msgs:/opt/ros/humble CONDA_PROMPT_MODIFIER=(ros2) LD_LIBRARY_PATH=/home/bingflame/RoArm-M1/install/astra_camera_msgs/lib:/opt/ros/humble/opt/rviz_ogre_vendor/lib:/opt/ros/humble/lib/aarch64-linux-gnu:/opt/ros/humble/lib:/usr/local/cuda-12.6/lib64:/home/bingflame/xiugaihou/JetsonGPIO/build/ PYTHONPATH=/home/bingflame/RoArm-M1/install/astra_camera_msgs/lib/python3.10/site-packages:${PYTHONPATH} /usr/bin/cmake --build /home/bingflame/RoArm-M1/build/astra_camera -- -j6 -l6
[2.519s] [ 11%] [32mBuilding CXX object CMakeFiles/astra_camera.dir/src/device_listener.cpp.o[0m
[2.521s] [ 16%] [32mBuilding CXX object CMakeFiles/astra_camera.dir/src/point_cloud_proc/point_cloud_xyzrgb.cpp.o[0m
[2.521s] [ 22%] [32mBuilding CXX object CMakeFiles/astra_camera.dir/src/dynamic_params.cpp.o[0m
[2.524s] [ 11%] [32mBuilding CXX object CMakeFiles/astra_camera.dir/src/point_cloud_proc/point_cloud_xyz.cpp.o[0m
[2.526s] [ 27%] [32mBuilding CXX object CMakeFiles/point_cloud_subscriber.dir/src/point_cloud_subscriber.cpp.o[0m
[2.527s] [ 33%] [32mBuilding CXX object CMakeFiles/astra_camera.dir/src/ob_camera_info.cpp.o[0m
[18.547s] [ 38%] [32mBuilding CXX object CMakeFiles/astra_camera.dir/src/ob_frame_listener.cpp.o[0m
[18.660s] [ 44%] [32mBuilding CXX object CMakeFiles/astra_camera.dir/src/ob_timer_filter.cpp.o[0m
[30.765s] [ 50%] [32mBuilding CXX object CMakeFiles/astra_camera.dir/src/ob_camera_node_factory.cpp.o[0m
[60.590s] [01m[Kc++:[m[K [01;31m[Kfatal error: [m[KKilled signal terminated program cc1plus
[60.592s] compilation terminated.
[60.592s] gmake[2]: *** [CMakeFiles/astra_camera.dir/build.make:90: CMakeFiles/astra_camera.dir/src/point_cloud_proc/point_cloud_xyzrgb.cpp.o] Error 1
[60.592s] gmake[2]: *** Waiting for unfinished jobs....
[68.275s] [ 55%] [32m[1mLinking CXX executable point_cloud_subscriber[0m
[69.363s] [ 55%] Built target point_cloud_subscriber
[77.449s] gmake[1]: *** [CMakeFiles/Makefile2:141: CMakeFiles/astra_camera.dir/all] Error 2
[77.453s] gmake: *** [Makefile:146: all] Error 2
[77.474s] Invoked command in '/home/bingflame/RoArm-M1/build/astra_camera' returned '2': AMENT_PREFIX_PATH=/home/bingflame/RoArm-M1/install/astra_camera_msgs:${AMENT_PREFIX_PATH} CMAKE_PREFIX_PATH=/home/bingflame/RoArm-M1/install/astra_camera_msgs:/opt/ros/humble CONDA_PROMPT_MODIFIER=(ros2) LD_LIBRARY_PATH=/home/bingflame/RoArm-M1/install/astra_camera_msgs/lib:/opt/ros/humble/opt/rviz_ogre_vendor/lib:/opt/ros/humble/lib/aarch64-linux-gnu:/opt/ros/humble/lib:/usr/local/cuda-12.6/lib64:/home/bingflame/xiugaihou/JetsonGPIO/build/ PYTHONPATH=/home/bingflame/RoArm-M1/install/astra_camera_msgs/lib/python3.10/site-packages:${PYTHONPATH} /usr/bin/cmake --build /home/bingflame/RoArm-M1/build/astra_camera -- -j6 -l6
