[0.015s] Invoking command in '/home/bingflame/RoArm-M1/build/astra_camera': AMENT_PREFIX_PATH=/home/bingflame/RoArm-M1/install/astra_camera_msgs:${AMENT_PREFIX_PATH} CMAKE_PREFIX_PATH=/home/bingflame/RoArm-M1/install/astra_camera_msgs:/opt/ros/humble CONDA_PROMPT_MODIFIER=(base) LD_LIBRARY_PATH=/home/bingflame/RoArm-M1/install/astra_camera_msgs/lib:/opt/ros/humble/opt/rviz_ogre_vendor/lib:/opt/ros/humble/lib/aarch64-linux-gnu:/opt/ros/humble/lib:/usr/local/cuda-12.6/lib64:/home/bingflame/xiugaihou/JetsonGPIO/build/ PYTHONPATH=/home/bingflame/RoArm-M1/install/astra_camera_msgs/lib/python3.10/site-packages:${PYTHONPATH} /usr/bin/cmake --build /home/bingflame/RoArm-M1/build/astra_camera -- -j6 -l6
[0.084s] -- Found ament_cmake: 1.3.10 (/opt/ros/humble/share/ament_cmake/cmake)
[0.390s] -- Found ament_index_cpp: 1.4.0 (/opt/ros/humble/share/ament_index_cpp/cmake)
[0.392s] -- Found astra_camera_msgs: 1.0.1 (/home/bingflame/RoArm-M1/install/astra_camera_msgs/share/astra_camera_msgs/cmake)
[0.459s] -- Found rosidl_generator_c: 3.1.5 (/opt/ros/humble/share/rosidl_generator_c/cmake)
[0.464s] -- Found rosidl_adapter: 3.1.5 (/opt/ros/humble/share/rosidl_adapter/cmake)
[0.478s] -- Found rosidl_generator_cpp: 3.1.5 (/opt/ros/humble/share/rosidl_generator_cpp/cmake)
[0.500s] -- Using all available rosidl_typesupport_c: rosidl_typesupport_fastrtps_c;rosidl_typesupport_introspection_c
[0.526s] -- Using all available rosidl_typesupport_cpp: rosidl_typesupport_fastrtps_cpp;rosidl_typesupport_introspection_cpp
[0.666s] -- Found camera_info_manager: 3.1.9 (/opt/ros/humble/share/camera_info_manager/cmake)
[0.727s] -- Found rmw_implementation_cmake: 6.1.2 (/opt/ros/humble/share/rmw_implementation_cmake/cmake)
[0.730s] -- Found rmw_fastrtps_cpp: 6.2.7 (/opt/ros/humble/share/rmw_fastrtps_cpp/cmake)
[0.936s] -- Using RMW implementation 'rmw_fastrtps_cpp' as default
[1.030s] -- Found class_loader: 2.2.0 (/opt/ros/humble/share/class_loader/cmake)
[1.036s] -- Found cv_bridge: 3.2.1 (/opt/ros/humble/share/cv_bridge/cmake)
[1.065s] -- Found image_geometry: 3.2.1 (/opt/ros/humble/share/image_geometry/cmake)
[1.069s] -- Found image_publisher: 3.0.6 (/opt/ros/humble/share/image_publisher/cmake)
[1.184s] -- Found JPEG: /usr/lib/aarch64-linux-gnu/libjpeg.so (found version "80") 
[1.184s] -- Found JPEG library using standard module
[1.185s] [33mCMake Warning (dev) at /usr/share/cmake-3.22/Modules/FindPackageHandleStandardArgs.cmake:438 (message):
[1.186s]   The package name passed to `find_package_handle_standard_args` (JPEG) does
[1.186s]   not match the name of the calling package (JpegPkg).  This can lead to
[1.186s]   problems in calling code that expects `find_package` result variables
[1.186s]   (e.g., `_FOUND`) to follow a certain pattern.
[1.186s] Call Stack (most recent call first):
[1.186s]   /usr/local/lib/cmake/libuvc/FindJpegPkg.cmake:58 (find_package_handle_standard_args)
[1.186s]   /usr/local/lib/cmake/libuvc/libuvcConfig.cmake:13 (find_package)
[1.187s]   CMakeLists.txt:27 (find_package)
[1.187s] This warning is for project developers.  Use -Wno-dev to suppress it.
[1.187s] [0m
[1.187s] -- Found JPEG: /usr/lib/aarch64-linux-gnu/libjpeg.so  
[1.194s] -- libusb-1.0 found using pkgconfig
[1.208s] -- Found std_srvs: 4.2.4 (/opt/ros/humble/share/std_srvs/cmake)
[1.229s] -- Found tf2: 0.25.8 (/opt/ros/humble/share/tf2/cmake)
[1.235s] -- Found tf2_eigen: 0.25.8 (/opt/ros/humble/share/tf2_eigen/cmake)
[1.359s] -- Found tf2_sensor_msgs: 0.25.8 (/opt/ros/humble/share/tf2_sensor_msgs/cmake)
[1.373s] -- ORRBEC Machine : aarch64
[1.373s] 
[1.373s] -- ORRBEC Machine Bits : 64
[1.374s] 
[1.374s] -- ORRBEC : arm64
[1.412s] -- Found ament_lint_auto: 0.12.11 (/opt/ros/humble/share/ament_lint_auto/cmake)
[1.654s] -- Configuring done
[1.765s] [33mCMake Warning at CMakeLists.txt:84 (add_library):
[1.766s]   Cannot generate a safe runtime search path for target astra_camera because
[1.766s]   files in some directories may conflict with libraries in implicit
[1.766s]   directories:
[1.766s] 
[1.767s]     runtime library [libpython3.10.so.1.0] in /usr/lib/aarch64-linux-gnu may be hidden by files in:
[1.767s]       /home/bingflame/anaconda3/envs/ros2/lib
[1.767s] 
[1.767s]   Some of these libraries may not be found correctly.
[1.767s] 
[1.768s] [0m
[1.811s] [33mCMake Warning at CMakeLists.txt:120 (add_executable):
[1.811s]   Cannot generate a safe runtime search path for target list_devices_node
[1.811s]   because files in some directories may conflict with libraries in implicit
[1.811s]   directories:
[1.812s] 
[1.812s]     runtime library [libpython3.10.so.1.0] in /usr/lib/aarch64-linux-gnu may be hidden by files in:
[1.812s]       /home/bingflame/anaconda3/envs/ros2/lib
[1.812s] 
[1.812s]   Some of these libraries may not be found correctly.
[1.812s] 
[1.812s] [0m
[1.824s] -- Generating done
[1.829s] -- Build files have been written to: /home/bingflame/RoArm-M1/build/astra_camera
[1.902s] [35m[1mConsolidate compiler generated dependencies of target point_cloud_subscriber[0m
[1.922s] [35m[1mConsolidate compiler generated dependencies of target astra_camera[0m
[1.946s] [  5%] [32mBuilding CXX object CMakeFiles/point_cloud_subscriber.dir/src/point_cloud_subscriber.cpp.o[0m
[2.048s] [ 11%] [32mBuilding CXX object CMakeFiles/astra_camera.dir/src/point_cloud_proc/point_cloud_xyzrgb.cpp.o[0m
[2.512s] [01m[K/home/bingflame/RoArm-M1/src/astra_camera/src/point_cloud_subscriber.cpp:5:10:[m[K [01;31m[Kfatal error: [m[Kserial/serial.h: No such file or directory
[2.512s]     5 | #include [01;31m[K<serial/serial.h>[m[K
[2.512s]       |          [01;31m[K^~~~~~~~~~~~~~~~~[m[K
[2.512s] compilation terminated.
[2.518s] gmake[2]: *** [CMakeFiles/point_cloud_subscriber.dir/build.make:76: CMakeFiles/point_cloud_subscriber.dir/src/point_cloud_subscriber.cpp.o] Error 1
[2.518s] gmake[1]: *** [CMakeFiles/Makefile2:193: CMakeFiles/point_cloud_subscriber.dir/all] Error 2
[2.518s] gmake[1]: *** Waiting for unfinished jobs....
[35.186s] [ 16%] [32m[1mLinking CXX shared library libastra_camera.so[0m
[40.826s] [ 83%] Built target astra_camera
[40.829s] gmake: *** [Makefile:146: all] Error 2
[40.841s] Invoked command in '/home/bingflame/RoArm-M1/build/astra_camera' returned '2': AMENT_PREFIX_PATH=/home/bingflame/RoArm-M1/install/astra_camera_msgs:${AMENT_PREFIX_PATH} CMAKE_PREFIX_PATH=/home/bingflame/RoArm-M1/install/astra_camera_msgs:/opt/ros/humble CONDA_PROMPT_MODIFIER=(base) LD_LIBRARY_PATH=/home/bingflame/RoArm-M1/install/astra_camera_msgs/lib:/opt/ros/humble/opt/rviz_ogre_vendor/lib:/opt/ros/humble/lib/aarch64-linux-gnu:/opt/ros/humble/lib:/usr/local/cuda-12.6/lib64:/home/bingflame/xiugaihou/JetsonGPIO/build/ PYTHONPATH=/home/bingflame/RoArm-M1/install/astra_camera_msgs/lib/python3.10/site-packages:${PYTHONPATH} /usr/bin/cmake --build /home/bingflame/RoArm-M1/build/astra_camera -- -j6 -l6
