[0.022s] Invoking command in '/home/bingflame/RoArm-M1/build/astra_camera': CMAKE_PREFIX_PATH=/home/bingflame/RoArm-M1/install/astra_camera_msgs:/home/bingflame/RoArm-M1/install/roarm:/home/bingflame/RoArm-M1/install/astra_camera:/home/bingflame/RoArm-M1/install/serial_reader:/home/bingflame/RoArm-M1/install/serial_ctrl:/opt/ros/humble CONDA_PROMPT_MODIFIER=(base) LD_LIBRARY_PATH=/home/bingflame/RoArm-M1/install/astra_camera_msgs/lib:/home/bingflame/RoArm-M1/install/astra_camera/lib:/opt/ros/humble/opt/rviz_ogre_vendor/lib:/opt/ros/humble/lib/aarch64-linux-gnu:/opt/ros/humble/lib:/usr/local/cuda-12.6/lib64:/home/bingflame/xiugaihou/JetsonGPIO/build/ PYTHONPATH=/home/bingflame/RoArm-M1/install/astra_camera_msgs/lib/python3.10/site-packages:/home/bingflame/RoArm-M1/install/serial_reader/lib/python3.10/site-packages:/home/bingflame/RoArm-M1/install/serial_ctrl/lib/python3.10/site-packages:/opt/ros/humble/lib/python3.10/site-packages:/opt/ros/humble/local/lib/python3.10/dist-packages /usr/bin/cmake --build /home/bingflame/RoArm-M1/build/astra_camera -- -j6 -l6
[0.107s] [35m[1mConsolidate compiler generated dependencies of target point_cloud_subscriber[0m
[0.144s] [  5%] [32mBuilding CXX object CMakeFiles/point_cloud_subscriber.dir/src/point_cloud_subscriber.cpp.o[0m
[0.177s] [ 83%] Built target astra_camera
[0.234s] [ 94%] Built target list_devices_node
[5.937s] [01m[K/home/bingflame/RoArm-M1/src/astra_camera/src/point_cloud_subscriber.cpp:61:24:[m[K [01;31m[Kerror: [m[Kâ€˜[01m[Kstd_msg[m[Kâ€™ was not declared in this scope; did you mean â€˜[01m[Kstd_msgs[m[Kâ€™?
[5.937s]    61 |   rclcpp::Subscription<[01;31m[Kstd_msg[m[K ::msg::String>::SharedPtr serial_subscription_;
[5.937s]       |                        [01;31m[K^~~~~~~[m[K
[5.937s]       |                        [32m[Kstd_msgs[m[K
[5.937s] [01m[K/home/bingflame/RoArm-M1/src/astra_camera/src/point_cloud_subscriber.cpp:61:45:[m[K [01;31m[Kerror: [m[Ktemplate argument 1 is invalid
[5.937s]    61 |   rclcpp::Subscription<std_msg ::msg::String[01;31m[K>[m[K::SharedPtr serial_subscription_;
[5.938s]       |                                             [01;31m[K^[m[K
[5.938s] [01m[K/home/bingflame/RoArm-M1/src/astra_camera/src/point_cloud_subscriber.cpp:61:45:[m[K [01;31m[Kerror: [m[Ktemplate argument 3 is invalid
[5.938s] [01m[K/home/bingflame/RoArm-M1/src/astra_camera/src/point_cloud_subscriber.cpp:61:45:[m[K [01;31m[Kerror: [m[Ktemplate argument 4 is invalid
[5.938s] [01m[K/home/bingflame/RoArm-M1/src/astra_camera/src/point_cloud_subscriber.cpp:61:45:[m[K [01;31m[Kerror: [m[Ktemplate argument 5 is invalid
[5.938s] [01m[K/home/bingflame/RoArm-M1/src/astra_camera/src/point_cloud_subscriber.cpp:61:48:[m[K [01;31m[Kerror: [m[Kexpected â€˜[01m[K;[m[Kâ€™ at end of member declaration
[5.938s]    61 |   rclcpp::Subscription<std_msg ::msg::String>::[01;31m[KSharedPtr[m[K serial_subscription_;
[5.938s]       |                                                [01;31m[K^~~~~~~~~[m[K
[5.938s]       |                                                         [32m[K;[m[K
[5.942s] [01m[K/home/bingflame/RoArm-M1/src/astra_camera/src/point_cloud_subscriber.cpp:61:58:[m[K [01;31m[Kerror: [m[Kâ€˜[01m[Kserial_subscription_[m[Kâ€™ does not name a type; did you mean â€˜[01m[Krcl_subscription_t[m[Kâ€™?
[5.942s]    61 |   rclcpp::Subscription<std_msg ::msg::String>::SharedPtr [01;31m[Kserial_subscription_[m[K;
[5.942s]       |                                                          [01;31m[K^~~~~~~~~~~~~~~~~~~~[m[K
[5.942s]       |                                                          [32m[Krcl_subscription_t[m[K
[5.984s] [01m[K/home/bingflame/RoArm-M1/src/astra_camera/src/point_cloud_subscriber.cpp:[m[K In constructor â€˜[01m[KDepthSubscriber::DepthSubscriber()[m[Kâ€™:
[5.984s] [01m[K/home/bingflame/RoArm-M1/src/astra_camera/src/point_cloud_subscriber.cpp:23:5:[m[K [01;31m[Kerror: [m[Kâ€˜[01m[Kserial_subscription_[m[Kâ€™ was not declared in this scope; did you mean â€˜[01m[Krcl_subscription_t[m[Kâ€™?
[5.984s]    23 |     [01;31m[Kserial_subscription_[m[K = this->create_subscription<std_msgs::msg::String>(
[5.984s]       |     [01;31m[K^~~~~~~~~~~~~~~~~~~~[m[K
[5.985s]       |     [32m[Krcl_subscription_t[m[K
[6.093s] [01m[K/home/bingflame/RoArm-M1/src/astra_camera/src/point_cloud_subscriber.cpp:[m[K At global scope:
[6.094s] [01m[K/home/bingflame/RoArm-M1/src/astra_camera/src/point_cloud_subscriber.cpp:64:28:[m[K [01;31m[Kerror: [m[Kexpected â€˜[01m[K,[m[Kâ€™ or â€˜[01m[K...[m[Kâ€™ before â€˜[01m[Krgv[m[Kâ€™
[6.094s]    64 | int main(int argc, char* a [01;31m[Krgv[m[K[]) {
[6.094s]       |                            [01;31m[K^~~[m[K
[6.094s] [01m[K/home/bingflame/RoArm-M1/src/astra_camera/src/point_cloud_subscriber.cpp:64:5:[m[K [01;35m[Kwarning: [m[Ksecond argument of â€˜[01m[Kint main(int, char*)[m[Kâ€™ should be â€˜[01m[Kchar **[m[Kâ€™ [[01;35m[K-Wmain[m[K]
[6.094s]    64 | int [01;35m[Kmain[m[K(int argc, char* a rgv[]) {
[6.094s]       |     [01;35m[K^~~~[m[K
[6.103s] [01m[K/home/bingflame/RoArm-M1/src/astra_camera/src/point_cloud_subscriber.cpp:[m[K In function â€˜[01m[Kint main(int, char*)[m[Kâ€™:
[6.103s] [01m[K/home/bingflame/RoArm-M1/src/astra_camera/src/point_cloud_subscriber.cpp:65:22:[m[K [01;31m[Kerror: [m[Kâ€˜[01m[Kargv[m[Kâ€™ was not declared in this scope; did you mean â€˜[01m[Kargc[m[Kâ€™?
[6.104s]    65 |   rclcpp::init(argc, [01;31m[Kargv[m[K);
[6.104s]       |                      [01;31m[K^~~~[m[K
[6.104s]       |                      [32m[Kargc[m[K
[6.111s] [01m[K/home/bingflame/RoArm-M1/src/astra_camera/src/point_cloud_subscriber.cpp:64:26:[m[K [01;35m[Kwarning: [m[Kunused parameter â€˜[01m[Ka[m[Kâ€™ [[01;35m[K-Wunused-parameter[m[K]
[6.112s]    64 | int main(int argc, [01;35m[Kchar* a[m[K rgv[]) {
[6.112s]       |                    [01;35m[K~~~~~~^[m[K
[14.613s] gmake[2]: *** [CMakeFiles/point_cloud_subscriber.dir/build.make:76: CMakeFiles/point_cloud_subscriber.dir/src/point_cloud_subscriber.cpp.o] Error 1
[14.613s] gmake[1]: *** [CMakeFiles/Makefile2:193: CMakeFiles/point_cloud_subscriber.dir/all] Error 2
[14.613s] gmake: *** [Makefile:146: all] Error 2
[14.620s] Invoked command in '/home/bingflame/RoArm-M1/build/astra_camera' returned '2': CMAKE_PREFIX_PATH=/home/bingflame/RoArm-M1/install/astra_camera_msgs:/home/bingflame/RoArm-M1/install/roarm:/home/bingflame/RoArm-M1/install/astra_camera:/home/bingflame/RoArm-M1/install/serial_reader:/home/bingflame/RoArm-M1/install/serial_ctrl:/opt/ros/humble CONDA_PROMPT_MODIFIER=(base) LD_LIBRARY_PATH=/home/bingflame/RoArm-M1/install/astra_camera_msgs/lib:/home/bingflame/RoArm-M1/install/astra_camera/lib:/opt/ros/humble/opt/rviz_ogre_vendor/lib:/opt/ros/humble/lib/aarch64-linux-gnu:/opt/ros/humble/lib:/usr/local/cuda-12.6/lib64:/home/bingflame/xiugaihou/JetsonGPIO/build/ PYTHONPATH=/home/bingflame/RoArm-M1/install/astra_camera_msgs/lib/python3.10/site-packages:/home/bingflame/RoArm-M1/install/serial_reader/lib/python3.10/site-packages:/home/bingflame/RoArm-M1/install/serial_ctrl/lib/python3.10/site-packages:/opt/ros/humble/lib/python3.10/site-packages:/opt/ros/humble/local/lib/python3.10/dist-packages /usr/bin/cmake --build /home/bingflame/RoArm-M1/build/astra_camera -- -j6 -l6
