[0.025s] Invoking command in '/home/bingflame/RoArm-M1/build/astra_camera': AMENT_PREFIX_PATH=/home/bingflame/RoArm-M1/install/astra_camera_msgs:${AMENT_PREFIX_PATH} CMAKE_PREFIX_PATH=/home/bingflame/RoArm-M1/install/astra_camera_msgs:/opt/ros/humble CONDA_PROMPT_MODIFIER=(base) LD_LIBRARY_PATH=/home/bingflame/RoArm-M1/install/astra_camera_msgs/lib:/opt/ros/humble/opt/rviz_ogre_vendor/lib:/opt/ros/humble/lib/aarch64-linux-gnu:/opt/ros/humble/lib:/usr/local/cuda-12.6/lib64:/home/bingflame/xiugaihou/JetsonGPIO/build/ PYTHONPATH=/home/bingflame/RoArm-M1/install/astra_camera_msgs/lib/python3.10/site-packages:${PYTHONPATH} /usr/bin/cmake --build /home/bingflame/RoArm-M1/build/astra_camera -- -j6 -l6
[0.084s] -- Found ament_cmake: 1.3.10 (/opt/ros/humble/share/ament_cmake/cmake)
[0.389s] -- Found ament_index_cpp: 1.4.0 (/opt/ros/humble/share/ament_index_cpp/cmake)
[0.390s] -- Found astra_camera_msgs: 1.0.1 (/home/bingflame/RoArm-M1/install/astra_camera_msgs/share/astra_camera_msgs/cmake)
[0.454s] -- Found rosidl_generator_c: 3.1.5 (/opt/ros/humble/share/rosidl_generator_c/cmake)
[0.460s] -- Found rosidl_adapter: 3.1.5 (/opt/ros/humble/share/rosidl_adapter/cmake)
[0.475s] -- Found rosidl_generator_cpp: 3.1.5 (/opt/ros/humble/share/rosidl_generator_cpp/cmake)
[0.497s] -- Using all available rosidl_typesupport_c: rosidl_typesupport_fastrtps_c;rosidl_typesupport_introspection_c
[0.522s] -- Using all available rosidl_typesupport_cpp: rosidl_typesupport_fastrtps_cpp;rosidl_typesupport_introspection_cpp
[0.658s] -- Found camera_info_manager: 3.1.9 (/opt/ros/humble/share/camera_info_manager/cmake)
[0.714s] -- Found rmw_implementation_cmake: 6.1.2 (/opt/ros/humble/share/rmw_implementation_cmake/cmake)
[0.717s] -- Found rmw_fastrtps_cpp: 6.2.7 (/opt/ros/humble/share/rmw_fastrtps_cpp/cmake)
[0.908s] -- Using RMW implementation 'rmw_fastrtps_cpp' as default
[0.995s] -- Found class_loader: 2.2.0 (/opt/ros/humble/share/class_loader/cmake)
[1.000s] -- Found cv_bridge: 3.2.1 (/opt/ros/humble/share/cv_bridge/cmake)
[1.025s] -- Found image_geometry: 3.2.1 (/opt/ros/humble/share/image_geometry/cmake)
[1.029s] -- Found image_publisher: 3.0.6 (/opt/ros/humble/share/image_publisher/cmake)
[1.130s] -- Found JPEG: /usr/lib/aarch64-linux-gnu/libjpeg.so (found version "80") 
[1.130s] -- Found JPEG library using standard module
[1.132s] [33mCMake Warning (dev) at /usr/share/cmake-3.22/Modules/FindPackageHandleStandardArgs.cmake:438 (message):
[1.132s]   The package name passed to `find_package_handle_standard_args` (JPEG) does
[1.132s]   not match the name of the calling package (JpegPkg).  This can lead to
[1.132s]   problems in calling code that expects `find_package` result variables
[1.132s]   (e.g., `_FOUND`) to follow a certain pattern.
[1.132s] Call Stack (most recent call first):
[1.132s]   /usr/local/lib/cmake/libuvc/FindJpegPkg.cmake:58 (find_package_handle_standard_args)
[1.132s]   /usr/local/lib/cmake/libuvc/libuvcConfig.cmake:13 (find_package)
[1.133s]   CMakeLists.txt:26 (find_package)
[1.133s] This warning is for project developers.  Use -Wno-dev to suppress it.
[1.133s] -- Found JPEG: /usr/lib/aarch64-linux-gnu/libjpeg.so  
[1.133s] [0m
[1.141s] -- libusb-1.0 found using pkgconfig
[1.153s] -- Found std_srvs: 4.2.4 (/opt/ros/humble/share/std_srvs/cmake)
[1.172s] -- Found tf2: 0.25.8 (/opt/ros/humble/share/tf2/cmake)
[1.178s] -- Found tf2_eigen: 0.25.8 (/opt/ros/humble/share/tf2_eigen/cmake)
[1.290s] -- Found tf2_sensor_msgs: 0.25.8 (/opt/ros/humble/share/tf2_sensor_msgs/cmake)
[1.304s] -- ORRBEC Machine : aarch64
[1.304s] 
[1.304s] -- ORRBEC Machine Bits : 64
[1.304s] 
[1.304s] -- ORRBEC : arm64
[1.342s] -- Found ament_lint_auto: 0.12.11 (/opt/ros/humble/share/ament_lint_auto/cmake)
[1.575s] -- Configuring done
[1.697s] [33mCMake Warning at CMakeLists.txt:87 (add_library):
[1.697s]   Cannot generate a safe runtime search path for target astra_camera because
[1.697s]   files in some directories may conflict with libraries in implicit
[1.698s]   directories:
[1.698s] 
[1.698s]     runtime library [libpython3.10.so.1.0] in /usr/lib/aarch64-linux-gnu may be hidden by files in:
[1.698s]       /home/bingflame/anaconda3/envs/ros2/lib
[1.698s] 
[1.698s]   Some of these libraries may not be found correctly.
[1.699s] 
[1.699s] [0m
[1.744s] [33mCMake Warning at CMakeLists.txt:124 (add_executable):
[1.744s]   Cannot generate a safe runtime search path for target list_devices_node
[1.744s]   because files in some directories may conflict with libraries in implicit
[1.745s]   directories:
[1.745s] 
[1.745s]     runtime library [libpython3.10.so.1.0] in /usr/lib/aarch64-linux-gnu may be hidden by files in:
[1.745s]       /home/bingflame/anaconda3/envs/ros2/lib
[1.745s] 
[1.745s]   Some of these libraries may not be found correctly.
[1.745s] 
[1.745s] [0m
[1.760s] -- Generating done
[1.765s] -- Build files have been written to: /home/bingflame/RoArm-M1/build/astra_camera
[1.833s] [35m[1mConsolidate compiler generated dependencies of target point_cloud_subscriber[0m
[1.855s] [35m[1mConsolidate compiler generated dependencies of target astra_camera[0m
[1.871s] [  5%] [32mBuilding CXX object CMakeFiles/point_cloud_subscriber.dir/src/point_cloud_subscriber.cpp.o[0m
[1.954s] [ 22%] [32mBuilding CXX object CMakeFiles/astra_camera.dir/src/point_cloud_proc/point_cloud_xyz.cpp.o[0m
[1.954s] [ 22%] [32mBuilding CXX object CMakeFiles/astra_camera.dir/src/device_listener.cpp.o[0m
[1.954s] [ 22%] [32mBuilding CXX object CMakeFiles/astra_camera.dir/src/point_cloud_proc/point_cloud_xyzrgb.cpp.o[0m
[1.956s] [ 27%] [32mBuilding CXX object CMakeFiles/astra_camera.dir/src/dynamic_params.cpp.o[0m
[1.970s] [ 33%] [32mBuilding CXX object CMakeFiles/astra_camera.dir/src/ob_camera_info.cpp.o[0m
[2.395s] [01m[K/home/bingflame/RoArm-M1/src/astra_camera/src/point_cloud_subscriber.cpp:5:10:[m[K [01;31m[Kfatal error: [m[Kserial/serial.h: No such file or directory
[2.396s]     5 | #include [01;31m[K<serial/serial.h>[m[K
[2.396s]       |          [01;31m[K^~~~~~~~~~~~~~~~~[m[K
[2.396s] compilation terminated.
[2.402s] gmake[2]: *** [CMakeFiles/point_cloud_subscriber.dir/build.make:76: CMakeFiles/point_cloud_subscriber.dir/src/point_cloud_subscriber.cpp.o] Error 1
[2.403s] gmake[1]: *** [CMakeFiles/Makefile2:193: CMakeFiles/point_cloud_subscriber.dir/all] Error 2
[2.403s] gmake[1]: *** Waiting for unfinished jobs....
[2.419s] [ 38%] [32mBuilding CXX object CMakeFiles/astra_camera.dir/src/ob_frame_listener.cpp.o[0m
[13.436s] [ 44%] [32mBuilding CXX object CMakeFiles/astra_camera.dir/src/ob_timer_filter.cpp.o[0m
[14.955s] [ 50%] [32mBuilding CXX object CMakeFiles/astra_camera.dir/src/ob_camera_node_factory.cpp.o[0m
[16.709s] [ 55%] [32mBuilding CXX object CMakeFiles/astra_camera.dir/src/ob_camera_node.cpp.o[0m
[21.083s] [ 61%] [32mBuilding CXX object CMakeFiles/astra_camera.dir/src/ros_param_backend.cpp.o[0m
[25.636s] [ 66%] [32mBuilding CXX object CMakeFiles/astra_camera.dir/src/ros_service.cpp.o[0m
[27.806s] [ 72%] [32mBuilding CXX object CMakeFiles/astra_camera.dir/src/utils.cpp.o[0m
[33.388s] [ 77%] [32mBuilding CXX object CMakeFiles/astra_camera.dir/src/uvc_camera_driver.cpp.o[0m
[63.501s] [01m[Kc++:[m[K [01;31m[Kfatal error: [m[KKilled signal terminated program cc1plus
[63.502s] compilation terminated.
[63.503s] gmake[2]: *** [CMakeFiles/astra_camera.dir/build.make:90: CMakeFiles/astra_camera.dir/src/point_cloud_proc/point_cloud_xyzrgb.cpp.o] Error 1
[63.504s] gmake[2]: *** Waiting for unfinished jobs....
[87.563s] gmake[1]: *** [CMakeFiles/Makefile2:141: CMakeFiles/astra_camera.dir/all] Error 2
[87.563s] gmake: *** [Makefile:146: all] Error 2
[87.619s] Invoked command in '/home/bingflame/RoArm-M1/build/astra_camera' returned '2': AMENT_PREFIX_PATH=/home/bingflame/RoArm-M1/install/astra_camera_msgs:${AMENT_PREFIX_PATH} CMAKE_PREFIX_PATH=/home/bingflame/RoArm-M1/install/astra_camera_msgs:/opt/ros/humble CONDA_PROMPT_MODIFIER=(base) LD_LIBRARY_PATH=/home/bingflame/RoArm-M1/install/astra_camera_msgs/lib:/opt/ros/humble/opt/rviz_ogre_vendor/lib:/opt/ros/humble/lib/aarch64-linux-gnu:/opt/ros/humble/lib:/usr/local/cuda-12.6/lib64:/home/bingflame/xiugaihou/JetsonGPIO/build/ PYTHONPATH=/home/bingflame/RoArm-M1/install/astra_camera_msgs/lib/python3.10/site-packages:${PYTHONPATH} /usr/bin/cmake --build /home/bingflame/RoArm-M1/build/astra_camera -- -j6 -l6
