[0.043s] Invoking command in '/home/bingflame/RoArm-M1/build/astra_camera': CMAKE_PREFIX_PATH=/home/bingflame/RoArm-M1/install/astra_camera_msgs:/home/bingflame/RoArm-M1/install/roarm:/home/bingflame/RoArm-M1/install/astra_camera:/home/bingflame/RoArm-M1/install/serial_reader:/home/bingflame/RoArm-M1/install/serial_ctrl:/opt/ros/humble CONDA_PROMPT_MODIFIER=(base) LD_LIBRARY_PATH=/home/bingflame/RoArm-M1/install/astra_camera_msgs/lib:/home/bingflame/RoArm-M1/install/astra_camera/lib:/opt/ros/humble/opt/rviz_ogre_vendor/lib:/opt/ros/humble/lib/aarch64-linux-gnu:/opt/ros/humble/lib:/usr/local/cuda-12.6/lib64:/home/bingflame/xiugaihou/JetsonGPIO/build/ PYTHONPATH=/home/bingflame/RoArm-M1/install/astra_camera_msgs/lib/python3.10/site-packages:/home/bingflame/RoArm-M1/install/serial_reader/lib/python3.10/site-packages:/home/bingflame/RoArm-M1/install/serial_ctrl/lib/python3.10/site-packages:/opt/ros/humble/lib/python3.10/site-packages:/opt/ros/humble/local/lib/python3.10/dist-packages /usr/bin/cmake --build /home/bingflame/RoArm-M1/build/astra_camera -- -j6 -l6
[0.300s] [  5%] [32mBuilding CXX object CMakeFiles/point_cloud_subscriber.dir/src/point_cloud_subscriber.cpp.o[0m
[0.344s] [ 83%] Built target astra_camera
[0.441s] [ 94%] Built target list_devices_node
[7.260s] [01m[K/home/bingflame/RoArm-M1/src/astra_camera/src/point_cloud_subscriber.cpp:64:45:[m[K [01;31m[Kerror: [m[K‚Äò[01m[KString[m[K‚Äô in namespace ‚Äò[01m[Kstd_msgs::msg[m[K‚Äô does not name a type
[7.261s]    64 |   void serial_callback(const std_msgs::msg::[01;31m[KString[m[K::SharedPtr msg) {
[7.261s]       |                                             [01;31m[K^~~~~~[m[K
[7.261s] [01m[K/home/bingflame/RoArm-M1/src/astra_camera/src/point_cloud_subscriber.cpp:64:63:[m[K [01;31m[Kerror: [m[Kexpected unqualified-id before ‚Äò[01m[Kmsg[m[K‚Äô
[7.261s]    64 |   void serial_callback(const std_msgs::msg::String::SharedPtr [01;31m[Kmsg[m[K) {
[7.261s]       |                                                               [01;31m[K^~~[m[K
[7.262s] [01m[K/home/bingflame/RoArm-M1/src/astra_camera/src/point_cloud_subscriber.cpp:64:62:[m[K [01;31m[Kerror: [m[Kexpected ‚Äò[01m[K)[m[K‚Äô before ‚Äò[01m[Kmsg[m[K‚Äô
[7.262s]    64 |   void serial_callback[34m[K([m[Kconst std_msgs::msg::String::SharedPtr[01;31m[K [m[K[32m[Kmsg[m[K) {
[7.262s]       |                       [34m[K~[m[K                                      [01;31m[K^[m[K[32m[K~~~[m[K
[7.262s]       |                                                              [32m[K)[m[K
[7.262s] [01m[K/home/bingflame/RoArm-M1/src/astra_camera/src/point_cloud_subscriber.cpp:64:53:[m[K [01;31m[Kerror: [m[Kexpected ‚Äò[01m[K;[m[K‚Äô at end of member declaration
[7.262s]    64 |   void serial_callback(const std_msgs::msg::String::[01;31m[KSharedPtr[m[K msg) {
[7.262s]       |                                                     [01;31m[K^~~~~~~~~[m[K
[7.263s]       |                                                              [32m[K;[m[K
[7.267s] [01m[K/home/bingflame/RoArm-M1/src/astra_camera/src/point_cloud_subscriber.cpp:64:63:[m[K [01;31m[Kerror: [m[K‚Äò[01m[Kmsg[m[K‚Äô does not name a type
[7.268s]    64 |   void serial_callback(const std_msgs::msg::String::SharedPtr [01;31m[Kmsg[m[K) {
[7.268s]       |                                                               [01;31m[K^~~[m[K
[7.378s] [01m[K/home/bingflame/RoArm-M1/src/astra_camera/src/point_cloud_subscriber.cpp:69:39:[m[K [01;31m[Kerror: [m[K‚Äò[01m[KString[m[K‚Äô is not a member of ‚Äò[01m[Kstd_msgs::msg[m[K‚Äô
[7.378s]    69 |   rclcpp::Subscription<std_msgs::msg::[01;31m[KString[m[K>::SharedPtr serial_subscription_;
[7.378s]       |                                       [01;31m[K^~~~~~[m[K
[7.378s] [01m[K/home/bingflame/RoArm-M1/src/astra_camera/src/point_cloud_subscriber.cpp:69:45:[m[K [01;31m[Kerror: [m[Ktemplate argument 1 is invalid
[7.378s]    69 |   rclcpp::Subscription<std_msgs::msg::String[01;31m[K>[m[K::SharedPtr serial_subscription_;
[7.379s]       |                                             [01;31m[K^[m[K
[7.379s] [01m[K/home/bingflame/RoArm-M1/src/astra_camera/src/point_cloud_subscriber.cpp:69:45:[m[K [01;31m[Kerror: [m[Ktemplate argument 3 is invalid
[7.379s] [01m[K/home/bingflame/RoArm-M1/src/astra_camera/src/point_cloud_subscriber.cpp:69:45:[m[K [01;31m[Kerror: [m[Ktemplate argument 4 is invalid
[7.379s] [01m[K/home/bingflame/RoArm-M1/src/astra_camera/src/point_cloud_subscriber.cpp:69:45:[m[K [01;31m[Kerror: [m[Ktemplate argument 5 is invalid
[7.379s] [01m[K/home/bingflame/RoArm-M1/src/astra_camera/src/point_cloud_subscriber.cpp:69:48:[m[K [01;31m[Kerror: [m[Kexpected ‚Äò[01m[K;[m[K‚Äô at end of member declaration
[7.379s]    69 |   rclcpp::Subscription<std_msgs::msg::String>::[01;31m[KSharedPtr[m[K serial_subscription_;
[7.379s]       |                                                [01;31m[K^~~~~~~~~[m[K
[7.380s]       |                                                         [32m[K;[m[K
[7.385s] [01m[K/home/bingflame/RoArm-M1/src/astra_camera/src/point_cloud_subscriber.cpp:69:58:[m[K [01;31m[Kerror: [m[K‚Äò[01m[Kserial_subscription_[m[K‚Äô does not name a type; did you mean ‚Äò[01m[Krcl_subscription_t[m[K‚Äô?
[7.385s]    69 |   rclcpp::Subscription<std_msgs::msg::String>::SharedPtr [01;31m[Kserial_subscription_[m[K;
[7.385s]       |                                                          [01;31m[K^~~~~~~~~~~~~~~~~~~~[m[K
[7.385s]       |                                                          [32m[Krcl_subscription_t[m[K
[7.440s] [01m[K/home/bingflame/RoArm-M1/src/astra_camera/src/point_cloud_subscriber.cpp:[m[K In constructor ‚Äò[01m[KDepthSubscriber::DepthSubscriber()[m[K‚Äô:
[7.441s] [01m[K/home/bingflame/RoArm-M1/src/astra_camera/src/point_cloud_subscriber.cpp:23:5:[m[K [01;31m[Kerror: [m[K‚Äò[01m[Kserial_subscription_[m[K‚Äô was not declared in this scope; did you mean ‚Äò[01m[Krcl_subscription_t[m[K‚Äô?
[7.441s]    23 |     [01;31m[Kserial_subscription_[m[K = this->create_subscription<std_msgs::msg::String>(
[7.441s]       |     [01;31m[K^~~~~~~~~~~~~~~~~~~~[m[K
[7.441s]       |     [32m[Krcl_subscription_t[m[K
[7.442s] [01m[K/home/bingflame/RoArm-M1/src/astra_camera/src/point_cloud_subscriber.cpp:23:69:[m[K [01;31m[Kerror: [m[K‚Äò[01m[KString[m[K‚Äô is not a member of ‚Äò[01m[Kstd_msgs::msg[m[K‚Äô
[7.442s]    23 |     serial_subscription_ = this->create_subscription<std_msgs::msg::[01;31m[KString[m[K>(
[7.442s]       |                                                                     [01;31m[K^~~~~~[m[K
[7.447s] [01m[K/home/bingflame/RoArm-M1/src/astra_camera/src/point_cloud_subscriber.cpp:23:76:[m[K [01;31m[Kerror: [m[Kno matching function for call to ‚Äò[01m[KDepthSubscriber::create_subscription<<expression error> >(const char [12], rclcpp::QoS&, std::_Bind_helper<false, void (DepthSubscriber::*)(...), DepthSubscriber*, const std::_Placeholder<1>&>::type)[m[K‚Äô
[7.448s]    23 |     serial_subscription_ = [01;31m[Kthis->create_subscription<std_msgs::msg::String>([m[K
[7.448s]       |                            [01;31m[K~~~~~~~~~~~~~~~~~~~~~~~~~~~~~~~~~~~~~~~~~~~~~~~~^[m[K
[7.448s]    24 | [01;31m[K        "serial_data",  // ‰øÆÊîπ‰∏∫Ê≠£Á°ÆÁöÑ‰∏ªÈ¢òÂêçÁß∞[m[K
[7.448s]       |         [01;31m[K~~~~~~~~~~~~~~~~~~~~~~~~~~~~~~~~~~~~~~~[m[K                             
[7.448s]    25 | [01;31m[K        qos, std::bind(&DepthSubscriber::serial_callback, this, std::placeholders::_1))[m[K;
[7.448s]       |         [01;31m[K~~~~~~~~~~~~~~~~~~~~~~~~~~~~~~~~~~~~~~~~~~~~~~~~~~~~~~~~~~~~~~~~~~~~~~~~~~~~~~~[m[K
[7.449s] In file included from [01m[K/opt/ros/humble/include/rclcpp/rclcpp/node.hpp:1321[m[K,
[7.449s]                  from [01m[K/opt/ros/humble/include/rclcpp/rclcpp/executors/single_threaded_executor.hpp:28[m[K,
[7.449s]                  from [01m[K/opt/ros/humble/include/rclcpp/rclcpp/executors.hpp:22[m[K,
[7.449s]                  from [01m[K/opt/ros/humble/include/rclcpp/rclcpp/rclcpp.hpp:155[m[K,
[7.450s]                  from [01m[K/home/bingflame/RoArm-M1/src/astra_camera/src/point_cloud_subscriber.cpp:1[m[K:
[7.450s] [01m[K/opt/ros/humble/include/rclcpp/rclcpp/node_impl.hpp:92:1:[m[K [01;36m[Knote: [m[Kcandidate: ‚Äò[01m[Ktemplate<class MessageT, class CallbackT, class AllocatorT, class SubscriptionT, class MessageMemoryStrategyT> std::shared_ptr<ROSMessageT> rclcpp::Node::create_subscription(const string&, const rclcpp::QoS&, CallbackT&&, const rclcpp::SubscriptionOptionsWithAllocator<AllocatorT>&, typename MessageMemoryStrategyT::SharedPtr)[m[K‚Äô
[7.450s]    92 | [01;36m[KNode[m[K::create_subscription(
[7.450s]       | [01;36m[K^~~~[m[K
[7.450s] [01m[K/opt/ros/humble/include/rclcpp/rclcpp/node_impl.hpp:92:1:[m[K [01;36m[Knote: [m[K  template argument deduction/substitution failed:
[7.451s] [01m[K/home/bingflame/RoArm-M1/src/astra_camera/src/point_cloud_subscriber.cpp:23:76:[m[K [01;31m[Kerror: [m[Ktemplate argument 1 is invalid
[7.451s]    23 |     serial_subscription_ = [01;31m[Kthis->create_subscription<std_msgs::msg::String>([m[K
[7.452s]       |                            [01;31m[K~~~~~~~~~~~~~~~~~~~~~~~~~~~~~~~~~~~~~~~~~~~~~~~~^[m[K
[7.452s]    24 | [01;31m[K        "serial_data",  // ‰øÆÊîπ‰∏∫Ê≠£Á°ÆÁöÑ‰∏ªÈ¢òÂêçÁß∞[m[K
[7.452s]       |         [01;31m[K~~~~~~~~~~~~~~~~~~~~~~~~~~~~~~~~~~~~~~~[m[K                             
[7.452s]    25 | [01;31m[K        qos, std::bind(&DepthSubscriber::serial_callback, this, std::placeholders::_1))[m[K;
[7.453s]       |         [01;31m[K~~~~~~~~~~~~~~~~~~~~~~~~~~~~~~~~~~~~~~~~~~~~~~~~~~~~~~~~~~~~~~~~~~~~~~~~~~~~~~~[m[K
[14.373s] gmake[2]: *** [CMakeFiles/point_cloud_subscriber.dir/build.make:76: CMakeFiles/point_cloud_subscriber.dir/src/point_cloud_subscriber.cpp.o] Error 1
[14.373s] gmake[1]: *** [CMakeFiles/Makefile2:193: CMakeFiles/point_cloud_subscriber.dir/all] Error 2
[14.373s] gmake: *** [Makefile:146: all] Error 2
[14.390s] Invoked command in '/home/bingflame/RoArm-M1/build/astra_camera' returned '2': CMAKE_PREFIX_PATH=/home/bingflame/RoArm-M1/install/astra_camera_msgs:/home/bingflame/RoArm-M1/install/roarm:/home/bingflame/RoArm-M1/install/astra_camera:/home/bingflame/RoArm-M1/install/serial_reader:/home/bingflame/RoArm-M1/install/serial_ctrl:/opt/ros/humble CONDA_PROMPT_MODIFIER=(base) LD_LIBRARY_PATH=/home/bingflame/RoArm-M1/install/astra_camera_msgs/lib:/home/bingflame/RoArm-M1/install/astra_camera/lib:/opt/ros/humble/opt/rviz_ogre_vendor/lib:/opt/ros/humble/lib/aarch64-linux-gnu:/opt/ros/humble/lib:/usr/local/cuda-12.6/lib64:/home/bingflame/xiugaihou/JetsonGPIO/build/ PYTHONPATH=/home/bingflame/RoArm-M1/install/astra_camera_msgs/lib/python3.10/site-packages:/home/bingflame/RoArm-M1/install/serial_reader/lib/python3.10/site-packages:/home/bingflame/RoArm-M1/install/serial_ctrl/lib/python3.10/site-packages:/opt/ros/humble/lib/python3.10/site-packages:/opt/ros/humble/local/lib/python3.10/dist-packages /usr/bin/cmake --build /home/bingflame/RoArm-M1/build/astra_camera -- -j6 -l6
